Log file open, 02/26/20 03:08:58
LogWindows: Failed to load 'aqProf.dll' (GetLastError=126)
LogWindows: File 'aqProf.dll' does not exist
LogWindows: Failed to load 'VtuneApi.dll' (GetLastError=126)
LogWindows: File 'VtuneApi.dll' does not exist
LogWindows: Failed to load 'VtuneApi32e.dll' (GetLastError=126)
LogWindows: File 'VtuneApi32e.dll' does not exist
LogConsoleResponse: Display: Failed to find resolution value strings in scalability ini. Falling back to default.
LogInit: Display: Running engine for game: Renegades
LogPlatformFile: Not using cached read wrapper
LogTaskGraph: Started task graph with 5 named threads and 47 total threads with 3 sets of task threads.
LogStats: Stats thread started at 0.063361
LogD3D11RHI: Loaded GFSDK_Aftermath_Lib.x64.dll
LogICUInternationalization: ICU TimeZone Detection - Raw Offset: +1:00, Platform Override: ''
LogPluginManager: Mounting plugin Paper2D
LogPluginManager: Mounting plugin AISupport
LogPluginManager: Mounting plugin LightPropagationVolume
LogPluginManager: Mounting plugin ActorLayerUtilities
LogPluginManager: Mounting plugin AnimationSharing
LogPluginManager: Mounting plugin CLionSourceCodeAccess
LogPluginManager: Mounting plugin CodeLiteSourceCodeAccess
LogPluginManager: Mounting plugin GitSourceControl
LogPluginManager: Mounting plugin KDevelopSourceCodeAccess
LogPluginManager: Mounting plugin NullSourceCodeAccess
LogPluginManager: Mounting plugin PerforceSourceControl
LogPluginManager: Mounting plugin PlasticSourceControl
LogPluginManager: Mounting plugin SubversionSourceControl
LogPluginManager: Mounting plugin UObjectPlugin
LogPluginManager: Mounting plugin VisualStudioCodeSourceCodeAccess
LogPluginManager: Mounting plugin VisualStudioSourceCodeAccess
LogPluginManager: Mounting plugin XCodeSourceCodeAccess
LogPluginManager: Mounting plugin AssetManagerEditor
LogPluginManager: Mounting plugin CryptoKeys
LogPluginManager: Mounting plugin CurveEditorTools
LogPluginManager: Mounting plugin DataValidation
LogPluginManager: Mounting plugin FacialAnimation
LogPluginManager: Mounting plugin GameplayTagsEditor
LogPluginManager: Mounting plugin MacGraphicsSwitching
LogPluginManager: Mounting plugin MaterialAnalyzer
LogPluginManager: Mounting plugin MobileLauncherProfileWizard
LogPluginManager: Mounting plugin PluginBrowser
LogPluginManager: Mounting plugin SpeedTreeImporter
LogPluginManager: Mounting plugin DatasmithContent
LogPluginManager: Mounting plugin VariantManagerContent
LogPluginManager: Mounting plugin AlembicImporter
LogPluginManager: Mounting plugin AutomationUtils
LogPluginManager: Mounting plugin BackChannel
LogPluginManager: Mounting plugin CharacterAI
LogPluginManager: Mounting plugin GeometryCache
LogPluginManager: Mounting plugin PlatformCrypto
LogPluginManager: Mounting plugin ProxyLODPlugin
LogPluginManager: Mounting plugin SkeletalReduction
LogPluginManager: Mounting plugin MagicLeap
LogPluginManager: Mounting plugin MagicLeapMedia
LogPluginManager: Mounting plugin MLSDK
LogPluginManager: Mounting plugin AndroidMedia
LogPluginManager: Mounting plugin AvfMedia
LogPluginManager: Mounting plugin ImgMedia
LogPluginManager: Mounting plugin MediaCompositing
LogPluginManager: Mounting plugin MediaPlayerEditor
LogPluginManager: Mounting plugin WebMMedia
LogPluginManager: Mounting plugin WmfMedia
LogPluginManager: Mounting plugin TcpMessaging
LogPluginManager: Mounting plugin UdpMessaging
LogPluginManager: Mounting plugin ActorSequence
LogPluginManager: Mounting plugin LevelSequenceEditor
LogPluginManager: Mounting plugin MatineeToLevelSequence
LogPluginManager: Mounting plugin NetcodeUnitTest
LogPluginManager: Mounting plugin NUTUnrealEngine4
LogPluginManager: Mounting plugin OnlineSubsystemGooglePlay
LogPluginManager: Mounting plugin OnlineSubsystemIOS
LogPluginManager: Mounting plugin OnlineSubsystem
LogPluginManager: Mounting plugin OnlineSubsystemNull
LogPluginManager: Mounting plugin OnlineSubsystemUtils
LogPluginManager: Mounting plugin LauncherChunkInstaller
LogPluginManager: Mounting plugin AndroidDeviceProfileSelector
LogPluginManager: Mounting plugin AndroidMoviePlayer
LogPluginManager: Mounting plugin AndroidPermission
LogPluginManager: Mounting plugin AppleImageUtils
LogPluginManager: Mounting plugin AppleMoviePlayer
LogPluginManager: Mounting plugin ArchVisCharacter
LogPluginManager: Mounting plugin AssetTags
LogPluginManager: Mounting plugin AudioCapture
LogPluginManager: Mounting plugin CableComponent
LogPluginManager: Mounting plugin CustomMeshComponent
LogPluginManager: Mounting plugin EditableMesh
LogPluginManager: Mounting plugin ExampleDeviceProfileSelector
LogPluginManager: Mounting plugin GoogleCloudMessaging
LogPluginManager: Mounting plugin IOSDeviceProfileSelector
LogPluginManager: Mounting plugin LinuxDeviceProfileSelector
LogPluginManager: Mounting plugin LocationServicesBPLibrary
LogPluginManager: Mounting plugin MobilePatchingUtils
LogPluginManager: Mounting plugin OculusVR
LogPluginManager: Mounting plugin PhysXVehicles
LogPluginManager: Mounting plugin PostSplashScreen
LogPluginManager: Mounting plugin ProceduralMeshComponent
LogPluginManager: Mounting plugin RuntimePhysXCooking
LogPluginManager: Mounting plugin SignificanceManager
LogPluginManager: Mounting plugin SteamVR
LogPluginManager: Mounting plugin WebMMoviePlayer
LogPluginManager: Mounting plugin WindowsMoviePlayer
LogPluginManager: Mounting plugin ScreenshotTools
LogInit: Using libcurl 7.55.1-DEV
LogInit:  - built for x86_64-pc-win32
LogInit:  - supports SSL with OpenSSL/1.1.1
LogInit:  - supports HTTP deflate (compression) using libz 1.2.8
LogInit:  - other features:
LogInit:      CURL_VERSION_SSL
LogInit:      CURL_VERSION_LIBZ
LogInit:      CURL_VERSION_IPV6
LogInit:      CURL_VERSION_ASYNCHDNS
LogInit:      CURL_VERSION_LARGEFILE
LogInit:      CURL_VERSION_IDN
LogInit:  CurlRequestOptions (configurable via config and command line):
LogInit:  - bVerifyPeer = true  - Libcurl will verify peer certificate
LogInit:  - bUseHttpProxy = false  - Libcurl will NOT use HTTP proxy
LogInit:  - bDontReuseConnections = false  - Libcurl will reuse connections
LogInit:  - MaxHostConnections = 16  - Libcurl will limit the number of connections to a host
LogInit:  - LocalHostAddr = Default
LogInit:  - BufferSize = 65536
LogOnline: OSS: Creating online subsystem instance for: NULL
LogInit: WinSock: version 1.1 (2.2), MaxSocks=32767, MaxUdp=65467
LogOnline: OSS: TryLoadSubsystemAndSetDefault: Loaded subsystem for module [NULL]
LogInit: Build: ++UE4+Release-4.24-CL-11100242
LogInit: Engine Version: 4.24.2-11100242+++UE4+Release-4.24
LogInit: Compatible Engine Version: 4.24.0-10570792+++UE4+Release-4.24
LogInit: Net CL: 10570792
LogInit: OS: Windows 10 (Release 1909) (), CPU: AMD Ryzen 7 2700X Eight-Core Processor         , GPU: NVIDIA GeForce GTX 1060 6GB
LogInit: Compiled (64-bit): Jan 24 2020 02:05:53
LogInit: Compiled with Visual C++: 19.16.27032.01
LogInit: Build Configuration: Development
LogInit: Branch Name: ++UE4+Release-4.24
LogInit: Command Line:  -EpicPortal -epicusername=infrandomness -epicuserid=fe1c8b910d594af5aa37035357ca4670 -epiclocale=en
LogInit: Base Directory: E:/EpicGames/UE_4.24/Engine/Binaries/Win64/
LogInit: Installed Engine Build: 1
LogDevObjectVersion: Number of dev versions registered: 25
LogDevObjectVersion:   Dev-Blueprints (B0D832E4-1F89-4F0D-ACCF-7EB736FD4AA2): 10
LogDevObjectVersion:   Dev-Build (E1C64328-A22C-4D53-A36C-8E866417BD8C): 0
LogDevObjectVersion:   Dev-Core (375EC13C-06E4-48FB-B500-84F0262A717E): 3
LogDevObjectVersion:   Dev-Editor (E4B068ED-F494-42E9-A231-DA0B2E46BB41): 37
LogDevObjectVersion:   Dev-Framework (CFFC743F-43B0-4480-9391-14DF171D2073): 36
LogDevObjectVersion:   Dev-Mobile (B02B49B5-BB20-44E9-A304-32B752E40360): 2
LogDevObjectVersion:   Dev-Networking (A4E4105C-59A1-49B5-A7C5-40C4547EDFEE): 0
LogDevObjectVersion:   Dev-Online (39C831C9-5AE6-47DC-9A44-9C173E1C8E7C): 0
LogDevObjectVersion:   Dev-Physics (78F01B33-EBEA-4F98-B9B4-84EACCB95AA2): 2
LogDevObjectVersion:   Dev-Platform (6631380F-2D4D-43E0-8009-CF276956A95A): 0
LogDevObjectVersion:   Dev-Rendering (12F88B9F-8875-4AFC-A67C-D90C383ABD29): 36
LogDevObjectVersion:   Dev-Sequencer (7B5AE74C-D270-4C10-A958-57980B212A5A): 11
LogDevObjectVersion:   Dev-VR (D7296918-1DD6-4BDD-9DE2-64A83CC13884): 2
LogDevObjectVersion:   Dev-LoadTimes (C2A15278-BFE7-4AFE-6C17-90FF531DF755): 1
LogDevObjectVersion:   Private-Geometry (6EACA3D4-40EC-4CC1-B786-8BED09428FC5): 3
LogDevObjectVersion:   Dev-AnimPhys (29E575DD-E0A3-4627-9D10-D276232CDCEA): 17
LogDevObjectVersion:   Dev-Anim (AF43A65D-7FD3-4947-9873-3E8ED9C1BB05): 2
LogDevObjectVersion:   Dev-ReflectionCapture (6B266CEC-1EC7-4B8F-A30B-E4D90942FC07): 1
LogDevObjectVersion:   Dev-Automation (0DF73D61-A23F-47EA-B727-89E90C41499A): 1
LogDevObjectVersion:   FortniteMain (601D1886-AC64-4F84-AA16-D3DE0DEAC7D6): 31
LogDevObjectVersion:   Dev-Enterprise (9DFFBCD6-494F-0158-E221-12823C92A888): 8
LogDevObjectVersion:   Dev-Niagara (F2AED0AC-9AFE-416F-8664-AA7FFA26D6FC): 1
LogDevObjectVersion:   Dev-Destruction (174F1F0B-B4C6-45A5-B13F-2EE8D0FB917D): 9
LogDevObjectVersion:   Dev-Physics-Ext (35F94A83-E258-406C-A318-09F59610247C): 8
LogDevObjectVersion:   Dev-CineCamera (B2E18506-4273-CFC2-A54E-F4BB758BBA07): 1
LogInit: Presizing for max 25165824 objects, including 0 objects not considered by GC, pre-allocating 0 bytes for permanent pool.
LogInit: Object subsystem initialized
LogConfig: Setting CVar [[con.DebugEarlyDefault:1]]
LogConfig: Setting CVar [[r.setres:1280x720]]
[2020.02.26-02.08.58:709][  0]LogConfig: Setting CVar [[r.VSync:0]]
[2020.02.26-02.08.58:709][  0]LogConfig: Setting CVar [[r.RHICmdBypass:0]]
[2020.02.26-02.08.58:709][  0]LogConfig: Applying CVar settings from Section [/Script/Engine.RendererSettings] File [C:/Users/ir/Documents/Developpement/Undisclosed Studios/Game/Renegades/Saved/Config/Windows/Engine.ini]
[2020.02.26-02.08.58:709][  0]LogConfig: Setting CVar [[r.GPUCrashDebugging:0]]
[2020.02.26-02.08.58:709][  0]LogConfig: Setting CVar [[r.MobileHDR:0]]
[2020.02.26-02.08.58:709][  0]LogConfig: Setting CVar [[r.Mobile.DisableVertexFog:1]]
[2020.02.26-02.08.58:709][  0]LogConfig: Setting CVar [[r.Shadow.CSM.MaxMobileCascades:2]]
[2020.02.26-02.08.58:709][  0]LogConfig: Setting CVar [[r.MobileMSAA:1]]
[2020.02.26-02.08.58:709][  0]LogConfig: Setting CVar [[r.Mobile.UseLegacyShadingModel:0]]
[2020.02.26-02.08.58:709][  0]LogConfig: Setting CVar [[r.Mobile.UseHWsRGBEncoding:0]]
[2020.02.26-02.08.58:709][  0]LogConfig: Setting CVar [[r.Mobile.AllowDitheredLODTransition:0]]
[2020.02.26-02.08.58:709][  0]LogConfig: Setting CVar [[r.Mobile.AllowSoftwareOcclusion:0]]
[2020.02.26-02.08.58:709][  0]LogConfig: Setting CVar [[r.DiscardUnusedQuality:0]]
[2020.02.26-02.08.58:709][  0]LogConfig: Setting CVar [[r.AllowOcclusionQueries:1]]
[2020.02.26-02.08.58:709][  0]LogConfig: Setting CVar [[r.MinScreenRadiusForLights:0.030000]]
[2020.02.26-02.08.58:710][  0]LogConfig: Setting CVar [[r.MinScreenRadiusForDepthPrepass:0.030000]]
[2020.02.26-02.08.58:710][  0]LogConfig: Setting CVar [[r.MinScreenRadiusForCSMDepth:0.010000]]
[2020.02.26-02.08.58:710][  0]LogConfig: Setting CVar [[r.PrecomputedVisibilityWarning:0]]
[2020.02.26-02.08.58:710][  0]LogConfig: Setting CVar [[r.TextureStreaming:1]]
[2020.02.26-02.08.58:710][  0]LogConfig: Setting CVar [[Compat.UseDXT5NormalMaps:0]]
[2020.02.26-02.08.58:710][  0]LogConfig: Setting CVar [[r.VirtualTextures:0]]
[2020.02.26-02.08.58:710][  0]LogConfig: Setting CVar [[r.VirtualTexturedLightmaps:0]]
[2020.02.26-02.08.58:710][  0]LogConfig: Setting CVar [[r.VT.TileSize:128]]
[2020.02.26-02.08.58:710][  0]LogConfig: Setting CVar [[r.VT.TileBorderSize:4]]
[2020.02.26-02.08.58:710][  0]LogConfig: Setting CVar [[r.vt.FeedbackFactor:16]]
[2020.02.26-02.08.58:710][  0]LogConfig: Setting CVar [[r.VT.EnableCompressZlib:1]]
[2020.02.26-02.08.58:710][  0]LogConfig: Setting CVar [[r.VT.EnableCompressCrunch:0]]
[2020.02.26-02.08.58:710][  0]LogConfig: Setting CVar [[r.ClearCoatNormal:0]]
[2020.02.26-02.08.58:710][  0]LogConfig: Setting CVar [[r.ReflectionCaptureResolution:128]]
[2020.02.26-02.08.58:710][  0]LogConfig: Setting CVar [[r.ReflectionEnvironmentLightmapMixBasedOnRoughness:1]]
[2020.02.26-02.08.58:710][  0]LogConfig: Setting CVar [[r.ForwardShading:0]]
[2020.02.26-02.08.58:710][  0]LogConfig: Setting CVar [[r.VertexFoggingForOpaque:1]]
[2020.02.26-02.08.58:710][  0]LogConfig: Setting CVar [[r.AllowStaticLighting:1]]
[2020.02.26-02.08.58:710][  0]LogConfig: Setting CVar [[r.NormalMapsForStaticLighting:0]]
[2020.02.26-02.08.58:710][  0]LogConfig: Setting CVar [[r.GenerateMeshDistanceFields:0]]
[2020.02.26-02.08.58:710][  0]LogConfig: Setting CVar [[r.DistanceFieldBuild.EightBit:0]]
[2020.02.26-02.08.58:710][  0]LogConfig: Setting CVar [[r.GenerateLandscapeGIData:0]]
[2020.02.26-02.08.58:710][  0]LogConfig: Setting CVar [[r.DistanceFieldBuild.Compress:0]]
[2020.02.26-02.08.58:710][  0]LogConfig: Setting CVar [[r.TessellationAdaptivePixelsPerTriangle:48.000000]]
[2020.02.26-02.08.58:710][  0]LogConfig: Setting CVar [[r.SeparateTranslucency:0]]
[2020.02.26-02.08.58:710][  0]LogConfig: Setting CVar [[r.TranslucentSortPolicy:0]]
[2020.02.26-02.08.58:710][  0]LogConfig: Setting CVar [[r.CustomDepth:1]]
[2020.02.26-02.08.58:710][  0]LogConfig: Setting CVar [[r.CustomDepthTemporalAAJitter:1]]
[2020.02.26-02.08.58:710][  0]LogConfig: Setting CVar [[r.PostProcessing.PropagateAlpha:0]]
[2020.02.26-02.08.58:710][  0]LogConfig: Setting CVar [[r.DefaultFeature.Bloom:0]]
[2020.02.26-02.08.58:710][  0]LogConfig: Setting CVar [[r.DefaultFeature.AmbientOcclusion:0]]
[2020.02.26-02.08.58:710][  0]LogConfig: Setting CVar [[r.DefaultFeature.AmbientOcclusionStaticFraction:1]]
[2020.02.26-02.08.58:710][  0]LogConfig: Setting CVar [[r.DefaultFeature.AutoExposure:0]]
[2020.02.26-02.08.58:710][  0]LogConfig: Setting CVar [[r.DefaultFeature.AutoExposure.Method:0]]
[2020.02.26-02.08.58:710][  0]LogConfig: Setting CVar [[r.DefaultFeature.AutoExposure.ExtendDefaultLuminanceRange:0]]
[2020.02.26-02.08.58:710][  0]LogConfig: Setting CVar [[r.UsePreExposure:1]]
[2020.02.26-02.08.58:710][  0]LogConfig: Setting CVar [[r.EyeAdaptation.EditorOnly:1]]
[2020.02.26-02.08.58:710][  0]LogConfig: Setting CVar [[r.DefaultFeature.MotionBlur:0]]
[2020.02.26-02.08.58:710][  0]LogConfig: Setting CVar [[r.DefaultFeature.LensFlare:0]]
[2020.02.26-02.08.58:710][  0]LogConfig: Setting CVar [[r.TemporalAA.Upsampling:0]]
[2020.02.26-02.08.58:710][  0]LogConfig: Setting CVar [[r.SSGI.Enable:0]]
[2020.02.26-02.08.58:710][  0]LogConfig: Setting CVar [[r.DefaultFeature.AntiAliasing:0]]
[2020.02.26-02.08.58:710][  0]LogConfig: Setting CVar [[r.DefaultFeature.LightUnits:1]]
[2020.02.26-02.08.58:710][  0]LogConfig: Setting CVar [[r.DefaultBackBufferPixelFormat:4]]
[2020.02.26-02.08.58:710][  0]LogConfig: Setting CVar [[r.Shadow.UnbuiltPreviewInGame:1]]
[2020.02.26-02.08.58:710][  0]LogConfig: Setting CVar [[r.StencilForLODDither:0]]
[2020.02.26-02.08.58:710][  0]LogConfig: Setting CVar [[r.EarlyZPass:3]]
[2020.02.26-02.08.58:710][  0]LogConfig: Setting CVar [[r.EarlyZPassOnlyMaterialMasking:0]]
[2020.02.26-02.08.58:710][  0]LogConfig: Setting CVar [[r.DBuffer:1]]
[2020.02.26-02.08.58:710][  0]LogConfig: Setting CVar [[r.ClearSceneMethod:1]]
[2020.02.26-02.08.58:710][  0]LogConfig: Setting CVar [[r.BasePassOutputsVelocity:0]]
[2020.02.26-02.08.58:710][  0]LogConfig: Setting CVar [[r.SelectiveBasePassOutputs:0]]
[2020.02.26-02.08.58:710][  0]LogConfig: Setting CVar [[fx.GPUSimulationTextureSizeX:1024]]
[2020.02.26-02.08.58:710][  0]LogConfig: Setting CVar [[fx.GPUSimulationTextureSizeY:1024]]
[2020.02.26-02.08.58:710][  0]LogConfig: Setting CVar [[r.AllowGlobalClipPlane:0]]
[2020.02.26-02.08.58:710][  0]LogConfig: Setting CVar [[r.GBufferFormat:1]]
[2020.02.26-02.08.58:710][  0]LogConfig: Setting CVar [[r.MorphTarget.Mode:1]]
[2020.02.26-02.08.58:710][  0]LogConfig: Setting CVar [[vr.InstancedStereo:0]]
[2020.02.26-02.08.58:710][  0]LogConfig: Setting CVar [[vr.MultiView:0]]
[2020.02.26-02.08.58:710][  0]LogConfig: Setting CVar [[vr.MobileMultiView:0]]
[2020.02.26-02.08.58:710][  0]LogConfig: Setting CVar [[vr.MobileMultiView.Direct:0]]
[2020.02.26-02.08.58:710][  0]LogConfig: Setting CVar [[vr.RoundRobinOcclusion:0]]
[2020.02.26-02.08.58:710][  0]LogConfig: Setting CVar [[vr.ODSCapture:0]]
[2020.02.26-02.08.58:710][  0]LogConfig: Setting CVar [[r.WireframeCullThreshold:5.000000]]
[2020.02.26-02.08.58:710][  0]LogConfig: Setting CVar [[r.RayTracing:0]]
[2020.02.26-02.08.58:710][  0]LogConfig: Setting CVar [[r.RayTracing.UseTextureLod:0]]
[2020.02.26-02.08.58:710][  0]LogConfig: Setting CVar [[r.SupportStationarySkylight:1]]
[2020.02.26-02.08.58:710][  0]LogConfig: Setting CVar [[r.SupportLowQualityLightmaps:1]]
[2020.02.26-02.08.58:710][  0]LogConfig: Setting CVar [[r.SupportPointLightWholeSceneShadows:1]]
[2020.02.26-02.08.58:710][  0]LogConfig: Setting CVar [[r.SupportAtmosphericFog:1]]
[2020.02.26-02.08.58:710][  0]LogConfig: Setting CVar [[r.SupportSkyAtmosphere:1]]
[2020.02.26-02.08.58:710][  0]LogConfig: Setting CVar [[r.SupportSkyAtmosphereAffectsHeightFog:0]]
[2020.02.26-02.08.58:710][  0]LogConfig: Setting CVar [[r.SkinCache.CompileShaders:0]]
[2020.02.26-02.08.58:710][  0]LogConfig: Setting CVar [[r.Mobile.EnableStaticAndCSMShadowReceivers:1]]
[2020.02.26-02.08.58:710][  0]LogConfig: Setting CVar [[r.Mobile.EnableMovableLightCSMShaderCulling:1]]
[2020.02.26-02.08.58:711][  0]LogConfig: Setting CVar [[r.Mobile.AllowDistanceFieldShadows:1]]
[2020.02.26-02.08.58:711][  0]LogConfig: Setting CVar [[r.Mobile.AllowMovableDirectionalLights:1]]
[2020.02.26-02.08.58:711][  0]LogConfig: Setting CVar [[r.MobileNumDynamicPointLights:4]]
[2020.02.26-02.08.58:711][  0]LogConfig: Setting CVar [[r.MobileDynamicPointLightsUseStaticBranch:1]]
[2020.02.26-02.08.58:711][  0]LogConfig: Setting CVar [[r.Mobile.EnableMovableSpotlights:0]]
[2020.02.26-02.08.58:711][  0]LogConfig: Setting CVar [[r.SkinCache.SceneMemoryLimitInMB:128.000000]]
[2020.02.26-02.08.58:711][  0]LogConfig: Setting CVar [[r.GPUSkin.Limit2BoneInfluences:0]]
[2020.02.26-02.08.58:711][  0]LogConfig: Setting CVar [[r.SupportDepthOnlyIndexBuffers:1]]
[2020.02.26-02.08.58:711][  0]LogConfig: Setting CVar [[r.SupportReversedIndexBuffers:1]]
[2020.02.26-02.08.58:711][  0]LogConfig: Setting CVar [[r.SupportMaterialLayers:0]]
[2020.02.26-02.08.58:711][  0]LogConfig: Setting CVar [[r.LightPropagationVolume:0]]
[2020.02.26-02.08.58:711][  0]LogConfig: Applying CVar settings from Section [/Script/Engine.RendererOverrideSettings] File [C:/Users/ir/Documents/Developpement/Undisclosed Studios/Game/Renegades/Saved/Config/Windows/Engine.ini]
[2020.02.26-02.08.58:711][  0]LogConfig: Applying CVar settings from Section [/Script/Engine.StreamingSettings] File [C:/Users/ir/Documents/Developpement/Undisclosed Studios/Game/Renegades/Saved/Config/Windows/Engine.ini]
[2020.02.26-02.08.58:711][  0]LogConfig: Setting CVar [[s.MinBulkDataSizeForAsyncLoading:131072]]
[2020.02.26-02.08.58:711][  0]LogConfig: Setting CVar [[s.AsyncLoadingThreadEnabled:0]]
[2020.02.26-02.08.58:711][  0]LogConfig: Setting CVar [[s.EventDrivenLoaderEnabled:1]]
[2020.02.26-02.08.58:711][  0]LogConfig: Setting CVar [[s.WarnIfTimeLimitExceeded:0]]
[2020.02.26-02.08.58:711][  0]LogConfig: Setting CVar [[s.TimeLimitExceededMultiplier:1.5]]
[2020.02.26-02.08.58:711][  0]LogConfig: Setting CVar [[s.TimeLimitExceededMinTime:0.005]]
[2020.02.26-02.08.58:711][  0]LogConfig: Setting CVar [[s.UseBackgroundLevelStreaming:1]]
[2020.02.26-02.08.58:711][  0]LogConfig: Setting CVar [[s.PriorityAsyncLoadingExtraTime:15.0]]
[2020.02.26-02.08.58:711][  0]LogConfig: Setting CVar [[s.LevelStreamingActorsUpdateTimeLimit:5.0]]
[2020.02.26-02.08.58:711][  0]LogConfig: Setting CVar [[s.PriorityLevelStreamingActorsUpdateExtraTime:5.0]]
[2020.02.26-02.08.58:711][  0]LogConfig: Setting CVar [[s.LevelStreamingComponentsRegistrationGranularity:10]]
[2020.02.26-02.08.58:711][  0]LogConfig: Setting CVar [[s.UnregisterComponentsTimeLimit:1.0]]
[2020.02.26-02.08.58:711][  0]LogConfig: Setting CVar [[s.LevelStreamingComponentsUnregistrationGranularity:5]]
[2020.02.26-02.08.58:711][  0]LogConfig: Setting CVar [[s.FlushStreamingOnExit:1]]
[2020.02.26-02.08.58:711][  0]LogConfig: Applying CVar settings from Section [/Script/Engine.GarbageCollectionSettings] File [C:/Users/ir/Documents/Developpement/Undisclosed Studios/Game/Renegades/Saved/Config/Windows/Engine.ini]
[2020.02.26-02.08.58:711][  0]LogConfig: Setting CVar [[gc.MaxObjectsNotConsideredByGC:1]]
[2020.02.26-02.08.58:711][  0]LogConfig: Setting CVar [[gc.SizeOfPermanentObjectPool:0]]
[2020.02.26-02.08.58:711][  0]LogConfig: Setting CVar [[gc.FlushStreamingOnGC:0]]
[2020.02.26-02.08.58:711][  0]LogConfig: Setting CVar [[gc.NumRetriesBeforeForcingGC:10]]
[2020.02.26-02.08.58:711][  0]LogConfig: Setting CVar [[gc.AllowParallelGC:1]]
[2020.02.26-02.08.58:711][  0]LogConfig: Setting CVar [[gc.TimeBetweenPurgingPendingKillObjects:61.1]]
[2020.02.26-02.08.58:711][  0]LogConfig: Setting CVar [[gc.MaxObjectsInEditor:25165824]]
[2020.02.26-02.08.58:711][  0]LogConfig: Setting CVar [[gc.IncrementalBeginDestroyEnabled:1]]
[2020.02.26-02.08.58:711][  0]LogConfig: Setting CVar [[gc.CreateGCClusters:1]]
[2020.02.26-02.08.58:711][  0]LogConfig: Setting CVar [[gc.MinGCClusterSize:5]]
[2020.02.26-02.08.58:711][  0]LogConfig: Setting CVar [[gc.ActorClusteringEnabled:0]]
[2020.02.26-02.08.58:711][  0]LogConfig: Setting CVar [[gc.BlueprintClusteringEnabled:0]]
[2020.02.26-02.08.58:711][  0]LogConfig: Setting CVar [[gc.UseDisregardForGCOnDedicatedServers:0]]
[2020.02.26-02.08.58:711][  0]LogConfig: Applying CVar settings from Section [/Script/Engine.NetworkSettings] File [C:/Users/ir/Documents/Developpement/Undisclosed Studios/Game/Renegades/Saved/Config/Windows/Engine.ini]
[2020.02.26-02.08.58:711][  0]LogConfig: Applying CVar settings from Section [/Script/UnrealEd.CookerSettings] File [C:/Users/ir/Documents/Developpement/Undisclosed Studios/Game/Renegades/Saved/Config/Windows/Engine.ini]
[2020.02.26-02.08.58:717][  0]LogConfig: Applying CVar settings from Section [ViewDistanceQuality@3] File [C:/Users/ir/Documents/Developpement/Undisclosed Studios/Game/Renegades/Saved/Config/Windows/Scalability.ini]
[2020.02.26-02.08.58:717][  0]LogConfig: Setting CVar [[r.SkeletalMeshLODBias:0]]
[2020.02.26-02.08.58:717][  0]LogConfig: Setting CVar [[r.ViewDistanceScale:1.0]]
[2020.02.26-02.08.58:717][  0]LogConfig: Applying CVar settings from Section [AntiAliasingQuality@3] File [C:/Users/ir/Documents/Developpement/Undisclosed Studios/Game/Renegades/Saved/Config/Windows/Scalability.ini]
[2020.02.26-02.08.58:717][  0]LogConfig: Setting CVar [[r.PostProcessAAQuality:4]]
[2020.02.26-02.08.58:717][  0]LogConfig: Applying CVar settings from Section [ShadowQuality@3] File [C:/Users/ir/Documents/Developpement/Undisclosed Studios/Game/Renegades/Saved/Config/Windows/Scalability.ini]
[2020.02.26-02.08.58:717][  0]LogConfig: Setting CVar [[r.LightFunctionQuality:1]]
[2020.02.26-02.08.58:717][  0]LogConfig: Setting CVar [[r.ShadowQuality:5]]
[2020.02.26-02.08.58:717][  0]LogConfig: Setting CVar [[r.Shadow.CSM.MaxCascades:10]]
[2020.02.26-02.08.58:717][  0]LogConfig: Setting CVar [[r.Shadow.MaxResolution:2048]]
[2020.02.26-02.08.58:717][  0]LogConfig: Setting CVar [[r.Shadow.MaxCSMResolution:2048]]
[2020.02.26-02.08.58:717][  0]LogConfig: Setting CVar [[r.Shadow.RadiusThreshold:0.01]]
[2020.02.26-02.08.58:717][  0]LogConfig: Setting CVar [[r.Shadow.DistanceScale:1.0]]
[2020.02.26-02.08.58:717][  0]LogConfig: Setting CVar [[r.Shadow.CSM.TransitionScale:1.0]]
[2020.02.26-02.08.58:717][  0]LogConfig: Setting CVar [[r.Shadow.PreShadowResolutionFactor:1.0]]
[2020.02.26-02.08.58:718][  0]LogConfig: Setting CVar [[r.DistanceFieldShadowing:1]]
[2020.02.26-02.08.58:718][  0]LogConfig: Setting CVar [[r.DistanceFieldAO:1]]
[2020.02.26-02.08.58:718][  0]LogConfig: Setting CVar [[r.AOQuality:2]]
[2020.02.26-02.08.58:718][  0]LogConfig: Setting CVar [[r.VolumetricFog:1]]
[2020.02.26-02.08.58:718][  0]LogConfig: Setting CVar [[r.VolumetricFog.GridPixelSize:8]]
[2020.02.26-02.08.58:718][  0]LogConfig: Setting CVar [[r.VolumetricFog.GridSizeZ:128]]
[2020.02.26-02.08.58:718][  0]LogConfig: Setting CVar [[r.VolumetricFog.HistoryMissSupersampleCount:4]]
[2020.02.26-02.08.58:718][  0]LogConfig: Setting CVar [[r.LightMaxDrawDistanceScale:1]]
[2020.02.26-02.08.58:718][  0]LogConfig: Setting CVar [[r.CapsuleShadows:1]]
[2020.02.26-02.08.58:718][  0]LogConfig: Applying CVar settings from Section [PostProcessQuality@3] File [C:/Users/ir/Documents/Developpement/Undisclosed Studios/Game/Renegades/Saved/Config/Windows/Scalability.ini]
[2020.02.26-02.08.58:718][  0]LogConfig: Setting CVar [[r.MotionBlurQuality:4]]
[2020.02.26-02.08.58:718][  0]LogConfig: Setting CVar [[r.AmbientOcclusionMipLevelFactor:0.4]]
[2020.02.26-02.08.58:718][  0]LogConfig: Setting CVar [[r.AmbientOcclusionMaxQuality:100]]
[2020.02.26-02.08.58:718][  0]LogConfig: Setting CVar [[r.AmbientOcclusionLevels:-1]]
[2020.02.26-02.08.58:718][  0]LogConfig: Setting CVar [[r.AmbientOcclusionRadiusScale:1.0]]
[2020.02.26-02.08.58:718][  0]LogConfig: Setting CVar [[r.DepthOfFieldQuality:2]]
[2020.02.26-02.08.58:718][  0]LogConfig: Setting CVar [[r.RenderTargetPoolMin:400]]
[2020.02.26-02.08.58:718][  0]LogConfig: Setting CVar [[r.LensFlareQuality:2]]
[2020.02.26-02.08.58:718][  0]LogConfig: Setting CVar [[r.SceneColorFringeQuality:1]]
[2020.02.26-02.08.58:718][  0]LogConfig: Setting CVar [[r.EyeAdaptationQuality:2]]
[2020.02.26-02.08.58:718][  0]LogConfig: Setting CVar [[r.BloomQuality:5]]
[2020.02.26-02.08.58:718][  0]LogConfig: Setting CVar [[r.FastBlurThreshold:100]]
[2020.02.26-02.08.58:718][  0]LogConfig: Setting CVar [[r.Upscale.Quality:3]]
[2020.02.26-02.08.58:718][  0]LogConfig: Setting CVar [[r.Tonemapper.GrainQuantization:1]]
[2020.02.26-02.08.58:718][  0]LogConfig: Setting CVar [[r.LightShaftQuality:1]]
[2020.02.26-02.08.58:718][  0]LogConfig: Setting CVar [[r.Filter.SizeScale:1]]
[2020.02.26-02.08.58:718][  0]LogConfig: Setting CVar [[r.Tonemapper.Quality:5]]
[2020.02.26-02.08.58:718][  0]LogConfig: Setting CVar [[r.DOF.Gather.AccumulatorQuality:1        ; higher gathering accumulator quality]]
[2020.02.26-02.08.58:718][  0]LogConfig: Setting CVar [[r.DOF.Gather.PostfilterMethod:1          ; Median3x3 postfilering method]]
[2020.02.26-02.08.58:718][  0]LogConfig: Setting CVar [[r.DOF.Gather.EnableBokehSettings:0       ; no bokeh simulation when gathering]]
[2020.02.26-02.08.58:718][  0]LogConfig: Setting CVar [[r.DOF.Gather.RingCount:4                 ; medium number of samples when gathering]]
[2020.02.26-02.08.58:718][  0]LogConfig: Setting CVar [[r.DOF.Scatter.ForegroundCompositing:1    ; additive foreground scattering]]
[2020.02.26-02.08.58:718][  0]LogConfig: Setting CVar [[r.DOF.Scatter.BackgroundCompositing:2    ; additive background scattering]]
[2020.02.26-02.08.58:718][  0]LogConfig: Setting CVar [[r.DOF.Scatter.EnableBokehSettings:1      ; bokeh simulation when scattering]]
[2020.02.26-02.08.58:718][  0]LogConfig: Setting CVar [[r.DOF.Scatter.MaxSpriteRatio:0.1         ; only a maximum of 10% of scattered bokeh]]
[2020.02.26-02.08.58:718][  0]LogConfig: Setting CVar [[r.DOF.Recombine.Quality:1                ; cheap slight out of focus]]
[2020.02.26-02.08.58:718][  0]LogConfig: Setting CVar [[r.DOF.Recombine.EnableBokehSettings:0    ; no bokeh simulation on slight out of focus]]
[2020.02.26-02.08.58:718][  0]LogConfig: Setting CVar [[r.DOF.TemporalAAQuality:1                ; more stable temporal accumulation]]
[2020.02.26-02.08.58:718][  0]LogConfig: Setting CVar [[r.DOF.Kernel.MaxForegroundRadius:0.025]]
[2020.02.26-02.08.58:718][  0]LogConfig: Setting CVar [[r.DOF.Kernel.MaxBackgroundRadius:0.025]]
[2020.02.26-02.08.58:718][  0]LogConfig: Applying CVar settings from Section [TextureQuality@3] File [C:/Users/ir/Documents/Developpement/Undisclosed Studios/Game/Renegades/Saved/Config/Windows/Scalability.ini]
[2020.02.26-02.08.58:718][  0]LogConfig: Setting CVar [[r.Streaming.MipBias:0]]
[2020.02.26-02.08.58:718][  0]LogConfig: Setting CVar [[r.Streaming.AmortizeCPUToGPUCopy:0]]
[2020.02.26-02.08.58:718][  0]LogConfig: Setting CVar [[r.Streaming.MaxNumTexturesToStreamPerFrame:0]]
[2020.02.26-02.08.58:718][  0]LogConfig: Setting CVar [[r.Streaming.Boost:1]]
[2020.02.26-02.08.58:718][  0]LogConfig: Setting CVar [[r.MaxAnisotropy:8]]
[2020.02.26-02.08.58:718][  0]LogConfig: Setting CVar [[r.VT.MaxAnisotropy:8]]
[2020.02.26-02.08.58:718][  0]LogConfig: Setting CVar [[r.Streaming.LimitPoolSizeToVRAM:0]]
[2020.02.26-02.08.58:718][  0]LogConfig: Setting CVar [[r.Streaming.PoolSize:1000]]
[2020.02.26-02.08.58:718][  0]LogConfig: Setting CVar [[r.Streaming.MaxEffectiveScreenSize:0]]
[2020.02.26-02.08.58:718][  0]LogConfig: Applying CVar settings from Section [EffectsQuality@3] File [C:/Users/ir/Documents/Developpement/Undisclosed Studios/Game/Renegades/Saved/Config/Windows/Scalability.ini]
[2020.02.26-02.08.58:718][  0]LogConfig: Setting CVar [[r.TranslucencyLightingVolumeDim:64]]
[2020.02.26-02.08.58:718][  0]LogConfig: Setting CVar [[r.RefractionQuality:2]]
[2020.02.26-02.08.58:718][  0]LogConfig: Setting CVar [[r.SSR.Quality:3]]
[2020.02.26-02.08.58:718][  0]LogConfig: Setting CVar [[r.SSR.HalfResSceneColor:0]]
[2020.02.26-02.08.58:718][  0]LogConfig: Setting CVar [[r.SceneColorFormat:4]]
[2020.02.26-02.08.58:718][  0]LogConfig: Setting CVar [[r.DetailMode:2]]
[2020.02.26-02.08.58:718][  0]LogConfig: Setting CVar [[r.TranslucencyVolumeBlur:1]]
[2020.02.26-02.08.58:718][  0]LogConfig: Setting CVar [[r.MaterialQualityLevel:1 ; High quality]]
[2020.02.26-02.08.58:718][  0]LogConfig: Setting CVar [[r.SSS.Scale:1]]
[2020.02.26-02.08.58:718][  0]LogConfig: Setting CVar [[r.SSS.SampleSet:2]]
[2020.02.26-02.08.58:718][  0]LogConfig: Setting CVar [[r.SSS.Quality:1]]
[2020.02.26-02.08.58:718][  0]LogConfig: Setting CVar [[r.SSS.HalfRes:1]]
[2020.02.26-02.08.58:718][  0]LogConfig: Setting CVar [[r.SSGI.Quality:3]]
[2020.02.26-02.08.58:718][  0]LogConfig: Setting CVar [[r.EmitterSpawnRateScale:1.0]]
[2020.02.26-02.08.58:718][  0]LogConfig: Setting CVar [[r.ParticleLightQuality:2]]
[2020.02.26-02.08.58:718][  0]LogConfig: Setting CVar [[r.SkyAtmosphere.AerialPerspectiveLUT.FastApplyOnOpaque:1 ; Always have FastSkyLUT 1 in this case to avoid wrong sky]]
[2020.02.26-02.08.58:718][  0]LogConfig: Setting CVar [[r.SkyAtmosphere.AerialPerspectiveLUT.SampleCountPerSlice:1]]
[2020.02.26-02.08.58:718][  0]LogConfig: Setting CVar [[r.SkyAtmosphere.AerialPerspectiveLUT.DepthResolution:16.0]]
[2020.02.26-02.08.58:718][  0]LogConfig: Setting CVar [[r.SkyAtmosphere.FastSkyLUT:1]]
[2020.02.26-02.08.58:718][  0]LogConfig: Setting CVar [[r.SkyAtmosphere.FastSkyLUT.SampleCountMin:4.0]]
[2020.02.26-02.08.58:718][  0]LogConfig: Setting CVar [[r.SkyAtmosphere.FastSkyLUT.SampleCountMax:32.0]]
[2020.02.26-02.08.58:718][  0]LogConfig: Setting CVar [[r.SkyAtmosphere.SampleCountMin:4.0]]
[2020.02.26-02.08.58:718][  0]LogConfig: Setting CVar [[r.SkyAtmosphere.SampleCountMax:32.0]]
[2020.02.26-02.08.58:719][  0]LogConfig: Setting CVar [[r.SkyAtmosphere.TransmittanceLUT.UseSmallFormat:0]]
[2020.02.26-02.08.58:719][  0]LogConfig: Setting CVar [[r.SkyAtmosphere.TransmittanceLUT.SampleCount:10.0]]
[2020.02.26-02.08.58:719][  0]LogConfig: Setting CVar [[r.SkyAtmosphere.MultiScatteringLUT.SampleCount:15.0]]
[2020.02.26-02.08.58:719][  0]LogConfig: Applying CVar settings from Section [FoliageQuality@3] File [C:/Users/ir/Documents/Developpement/Undisclosed Studios/Game/Renegades/Saved/Config/Windows/Scalability.ini]
[2020.02.26-02.08.58:719][  0]LogConfig: Setting CVar [[foliage.DensityScale:1.0]]
[2020.02.26-02.08.58:719][  0]LogConfig: Setting CVar [[grass.DensityScale:1.0]]
[2020.02.26-02.08.58:719][  0]LogConfig: Applying CVar settings from Section [ShadingQuality@3] File [C:/Users/ir/Documents/Developpement/Undisclosed Studios/Game/Renegades/Saved/Config/Windows/Scalability.ini]
[2020.02.26-02.08.58:719][  0]LogConfig: Setting CVar [[r.HairStrands.SkyLighting.SampleCount:16]]
[2020.02.26-02.08.58:719][  0]LogConfig: Setting CVar [[r.HairStrands.SkyLighting.JitterIntegration:0]]
[2020.02.26-02.08.58:719][  0]LogConfig: Setting CVar [[r.HairStrands.SkyAO.SampleCount:16]]
[2020.02.26-02.08.58:719][  0]LogInit: Selected Device Profile: [Windows]
[2020.02.26-02.08.58:719][  0]LogInit: Applying CVar settings loaded from the selected device profile: [Windows]
[2020.02.26-02.08.58:722][  0]LogHAL: Display: Platform has ~ 16 GB [17122578432 / 17179869184 / 16], which maps to Larger [LargestMinGB=32, LargerMinGB=12, DefaultMinGB=8, SmallerMinGB=6, SmallestMinGB=0)
[2020.02.26-02.08.58:722][  0]LogInit: Going up to parent DeviceProfile []
[2020.02.26-02.08.58:722][  0]LogConfig: Applying CVar settings from Section [ViewDistanceQuality@3] File [C:/Users/ir/Documents/Developpement/Undisclosed Studios/Game/Renegades/Saved/Config/Windows/Scalability.ini]
[2020.02.26-02.08.58:722][  0]LogConfig: Setting CVar [[r.SkeletalMeshLODBias:0]]
[2020.02.26-02.08.58:722][  0]LogConfig: Setting CVar [[r.ViewDistanceScale:1.0]]
[2020.02.26-02.08.58:722][  0]LogConfig: Applying CVar settings from Section [AntiAliasingQuality@3] File [C:/Users/ir/Documents/Developpement/Undisclosed Studios/Game/Renegades/Saved/Config/Windows/Scalability.ini]
[2020.02.26-02.08.58:722][  0]LogConfig: Setting CVar [[r.PostProcessAAQuality:4]]
[2020.02.26-02.08.58:722][  0]LogConfig: Applying CVar settings from Section [ShadowQuality@3] File [C:/Users/ir/Documents/Developpement/Undisclosed Studios/Game/Renegades/Saved/Config/Windows/Scalability.ini]
[2020.02.26-02.08.58:722][  0]LogConfig: Setting CVar [[r.LightFunctionQuality:1]]
[2020.02.26-02.08.58:722][  0]LogConfig: Setting CVar [[r.ShadowQuality:5]]
[2020.02.26-02.08.58:722][  0]LogConfig: Setting CVar [[r.Shadow.CSM.MaxCascades:10]]
[2020.02.26-02.08.58:722][  0]LogConfig: Setting CVar [[r.Shadow.MaxResolution:2048]]
[2020.02.26-02.08.58:722][  0]LogConfig: Setting CVar [[r.Shadow.MaxCSMResolution:2048]]
[2020.02.26-02.08.58:722][  0]LogConfig: Setting CVar [[r.Shadow.RadiusThreshold:0.01]]
[2020.02.26-02.08.58:722][  0]LogConfig: Setting CVar [[r.Shadow.DistanceScale:1.0]]
[2020.02.26-02.08.58:722][  0]LogConfig: Setting CVar [[r.Shadow.CSM.TransitionScale:1.0]]
[2020.02.26-02.08.58:722][  0]LogConfig: Setting CVar [[r.Shadow.PreShadowResolutionFactor:1.0]]
[2020.02.26-02.08.58:722][  0]LogConfig: Setting CVar [[r.DistanceFieldShadowing:1]]
[2020.02.26-02.08.58:722][  0]LogConfig: Setting CVar [[r.DistanceFieldAO:1]]
[2020.02.26-02.08.58:722][  0]LogConfig: Setting CVar [[r.AOQuality:2]]
[2020.02.26-02.08.58:722][  0]LogConfig: Setting CVar [[r.VolumetricFog:1]]
[2020.02.26-02.08.58:722][  0]LogConfig: Setting CVar [[r.VolumetricFog.GridPixelSize:8]]
[2020.02.26-02.08.58:722][  0]LogConfig: Setting CVar [[r.VolumetricFog.GridSizeZ:128]]
[2020.02.26-02.08.58:722][  0]LogConfig: Setting CVar [[r.VolumetricFog.HistoryMissSupersampleCount:4]]
[2020.02.26-02.08.58:722][  0]LogConfig: Setting CVar [[r.LightMaxDrawDistanceScale:1]]
[2020.02.26-02.08.58:722][  0]LogConfig: Setting CVar [[r.CapsuleShadows:1]]
[2020.02.26-02.08.58:722][  0]LogConfig: Applying CVar settings from Section [PostProcessQuality@3] File [C:/Users/ir/Documents/Developpement/Undisclosed Studios/Game/Renegades/Saved/Config/Windows/Scalability.ini]
[2020.02.26-02.08.58:722][  0]LogConfig: Setting CVar [[r.MotionBlurQuality:4]]
[2020.02.26-02.08.58:722][  0]LogConfig: Setting CVar [[r.AmbientOcclusionMipLevelFactor:0.4]]
[2020.02.26-02.08.58:722][  0]LogConfig: Setting CVar [[r.AmbientOcclusionMaxQuality:100]]
[2020.02.26-02.08.58:722][  0]LogConfig: Setting CVar [[r.AmbientOcclusionLevels:-1]]
[2020.02.26-02.08.58:722][  0]LogConfig: Setting CVar [[r.AmbientOcclusionRadiusScale:1.0]]
[2020.02.26-02.08.58:722][  0]LogConfig: Setting CVar [[r.DepthOfFieldQuality:2]]
[2020.02.26-02.08.58:722][  0]LogConfig: Setting CVar [[r.RenderTargetPoolMin:400]]
[2020.02.26-02.08.58:722][  0]LogConfig: Setting CVar [[r.LensFlareQuality:2]]
[2020.02.26-02.08.58:722][  0]LogConfig: Setting CVar [[r.SceneColorFringeQuality:1]]
[2020.02.26-02.08.58:722][  0]LogConfig: Setting CVar [[r.EyeAdaptationQuality:2]]
[2020.02.26-02.08.58:722][  0]LogConfig: Setting CVar [[r.BloomQuality:5]]
[2020.02.26-02.08.58:722][  0]LogConfig: Setting CVar [[r.FastBlurThreshold:100]]
[2020.02.26-02.08.58:722][  0]LogConfig: Setting CVar [[r.Upscale.Quality:3]]
[2020.02.26-02.08.58:722][  0]LogConfig: Setting CVar [[r.Tonemapper.GrainQuantization:1]]
[2020.02.26-02.08.58:722][  0]LogConfig: Setting CVar [[r.LightShaftQuality:1]]
[2020.02.26-02.08.58:722][  0]LogConfig: Setting CVar [[r.Filter.SizeScale:1]]
[2020.02.26-02.08.58:722][  0]LogConfig: Setting CVar [[r.Tonemapper.Quality:5]]
[2020.02.26-02.08.58:722][  0]LogConfig: Setting CVar [[r.DOF.Gather.AccumulatorQuality:1        ; higher gathering accumulator quality]]
[2020.02.26-02.08.58:722][  0]LogConfig: Setting CVar [[r.DOF.Gather.PostfilterMethod:1          ; Median3x3 postfilering method]]
[2020.02.26-02.08.58:722][  0]LogConfig: Setting CVar [[r.DOF.Gather.EnableBokehSettings:0       ; no bokeh simulation when gathering]]
[2020.02.26-02.08.58:722][  0]LogConfig: Setting CVar [[r.DOF.Gather.RingCount:4                 ; medium number of samples when gathering]]
[2020.02.26-02.08.58:722][  0]LogConfig: Setting CVar [[r.DOF.Scatter.ForegroundCompositing:1    ; additive foreground scattering]]
[2020.02.26-02.08.58:722][  0]LogConfig: Setting CVar [[r.DOF.Scatter.BackgroundCompositing:2    ; additive background scattering]]
[2020.02.26-02.08.58:722][  0]LogConfig: Setting CVar [[r.DOF.Scatter.EnableBokehSettings:1      ; bokeh simulation when scattering]]
[2020.02.26-02.08.58:722][  0]LogConfig: Setting CVar [[r.DOF.Scatter.MaxSpriteRatio:0.1         ; only a maximum of 10% of scattered bokeh]]
[2020.02.26-02.08.58:722][  0]LogConfig: Setting CVar [[r.DOF.Recombine.Quality:1                ; cheap slight out of focus]]
[2020.02.26-02.08.58:722][  0]LogConfig: Setting CVar [[r.DOF.Recombine.EnableBokehSettings:0    ; no bokeh simulation on slight out of focus]]
[2020.02.26-02.08.58:722][  0]LogConfig: Setting CVar [[r.DOF.TemporalAAQuality:1                ; more stable temporal accumulation]]
[2020.02.26-02.08.58:722][  0]LogConfig: Setting CVar [[r.DOF.Kernel.MaxForegroundRadius:0.025]]
[2020.02.26-02.08.58:722][  0]LogConfig: Setting CVar [[r.DOF.Kernel.MaxBackgroundRadius:0.025]]
[2020.02.26-02.08.58:723][  0]LogConfig: Applying CVar settings from Section [TextureQuality@3] File [C:/Users/ir/Documents/Developpement/Undisclosed Studios/Game/Renegades/Saved/Config/Windows/Scalability.ini]
[2020.02.26-02.08.58:723][  0]LogConfig: Setting CVar [[r.Streaming.MipBias:0]]
[2020.02.26-02.08.58:723][  0]LogConfig: Setting CVar [[r.Streaming.AmortizeCPUToGPUCopy:0]]
[2020.02.26-02.08.58:723][  0]LogConfig: Setting CVar [[r.Streaming.MaxNumTexturesToStreamPerFrame:0]]
[2020.02.26-02.08.58:723][  0]LogConfig: Setting CVar [[r.Streaming.Boost:1]]
[2020.02.26-02.08.58:723][  0]LogConfig: Setting CVar [[r.MaxAnisotropy:8]]
[2020.02.26-02.08.58:723][  0]LogConfig: Setting CVar [[r.VT.MaxAnisotropy:8]]
[2020.02.26-02.08.58:723][  0]LogConfig: Setting CVar [[r.Streaming.LimitPoolSizeToVRAM:0]]
[2020.02.26-02.08.58:723][  0]LogConfig: Setting CVar [[r.Streaming.PoolSize:1000]]
[2020.02.26-02.08.58:723][  0]LogConfig: Setting CVar [[r.Streaming.MaxEffectiveScreenSize:0]]
[2020.02.26-02.08.58:723][  0]LogConfig: Applying CVar settings from Section [EffectsQuality@3] File [C:/Users/ir/Documents/Developpement/Undisclosed Studios/Game/Renegades/Saved/Config/Windows/Scalability.ini]
[2020.02.26-02.08.58:723][  0]LogConfig: Setting CVar [[r.TranslucencyLightingVolumeDim:64]]
[2020.02.26-02.08.58:723][  0]LogConfig: Setting CVar [[r.RefractionQuality:2]]
[2020.02.26-02.08.58:723][  0]LogConfig: Setting CVar [[r.SSR.Quality:3]]
[2020.02.26-02.08.58:723][  0]LogConfig: Setting CVar [[r.SSR.HalfResSceneColor:0]]
[2020.02.26-02.08.58:723][  0]LogConfig: Setting CVar [[r.SceneColorFormat:4]]
[2020.02.26-02.08.58:723][  0]LogConfig: Setting CVar [[r.DetailMode:2]]
[2020.02.26-02.08.58:723][  0]LogConfig: Setting CVar [[r.TranslucencyVolumeBlur:1]]
[2020.02.26-02.08.58:723][  0]LogConfig: Setting CVar [[r.MaterialQualityLevel:1 ; High quality]]
[2020.02.26-02.08.58:723][  0]LogConfig: Setting CVar [[r.SSS.Scale:1]]
[2020.02.26-02.08.58:723][  0]LogConfig: Setting CVar [[r.SSS.SampleSet:2]]
[2020.02.26-02.08.58:723][  0]LogConfig: Setting CVar [[r.SSS.Quality:1]]
[2020.02.26-02.08.58:723][  0]LogConfig: Setting CVar [[r.SSS.HalfRes:1]]
[2020.02.26-02.08.58:723][  0]LogConfig: Setting CVar [[r.SSGI.Quality:3]]
[2020.02.26-02.08.58:723][  0]LogConfig: Setting CVar [[r.EmitterSpawnRateScale:1.0]]
[2020.02.26-02.08.58:723][  0]LogConfig: Setting CVar [[r.ParticleLightQuality:2]]
[2020.02.26-02.08.58:723][  0]LogConfig: Setting CVar [[r.SkyAtmosphere.AerialPerspectiveLUT.FastApplyOnOpaque:1 ; Always have FastSkyLUT 1 in this case to avoid wrong sky]]
[2020.02.26-02.08.58:723][  0]LogConfig: Setting CVar [[r.SkyAtmosphere.AerialPerspectiveLUT.SampleCountPerSlice:1]]
[2020.02.26-02.08.58:723][  0]LogConfig: Setting CVar [[r.SkyAtmosphere.AerialPerspectiveLUT.DepthResolution:16.0]]
[2020.02.26-02.08.58:723][  0]LogConfig: Setting CVar [[r.SkyAtmosphere.FastSkyLUT:1]]
[2020.02.26-02.08.58:723][  0]LogConfig: Setting CVar [[r.SkyAtmosphere.FastSkyLUT.SampleCountMin:4.0]]
[2020.02.26-02.08.58:723][  0]LogConfig: Setting CVar [[r.SkyAtmosphere.FastSkyLUT.SampleCountMax:32.0]]
[2020.02.26-02.08.58:723][  0]LogConfig: Setting CVar [[r.SkyAtmosphere.SampleCountMin:4.0]]
[2020.02.26-02.08.58:723][  0]LogConfig: Setting CVar [[r.SkyAtmosphere.SampleCountMax:32.0]]
[2020.02.26-02.08.58:723][  0]LogConfig: Setting CVar [[r.SkyAtmosphere.TransmittanceLUT.UseSmallFormat:0]]
[2020.02.26-02.08.58:723][  0]LogConfig: Setting CVar [[r.SkyAtmosphere.TransmittanceLUT.SampleCount:10.0]]
[2020.02.26-02.08.58:723][  0]LogConfig: Setting CVar [[r.SkyAtmosphere.MultiScatteringLUT.SampleCount:15.0]]
[2020.02.26-02.08.58:723][  0]LogConfig: Applying CVar settings from Section [FoliageQuality@3] File [C:/Users/ir/Documents/Developpement/Undisclosed Studios/Game/Renegades/Saved/Config/Windows/Scalability.ini]
[2020.02.26-02.08.58:723][  0]LogConfig: Setting CVar [[foliage.DensityScale:1.0]]
[2020.02.26-02.08.58:723][  0]LogConfig: Setting CVar [[grass.DensityScale:1.0]]
[2020.02.26-02.08.58:723][  0]LogConfig: Applying CVar settings from Section [ShadingQuality@3] File [C:/Users/ir/Documents/Developpement/Undisclosed Studios/Game/Renegades/Saved/Config/Windows/Scalability.ini]
[2020.02.26-02.08.58:723][  0]LogConfig: Setting CVar [[r.HairStrands.SkyLighting.SampleCount:16]]
[2020.02.26-02.08.58:723][  0]LogConfig: Setting CVar [[r.HairStrands.SkyLighting.JitterIntegration:0]]
[2020.02.26-02.08.58:723][  0]LogConfig: Setting CVar [[r.HairStrands.SkyAO.SampleCount:16]]
[2020.02.26-02.08.58:723][  0]LogConfig: Applying CVar settings from Section [Startup] File [../../../Engine/Config/ConsoleVariables.ini]
[2020.02.26-02.08.58:723][  0]LogConfig: Setting CVar [[net.UseAdaptiveNetUpdateFrequency:0]]
[2020.02.26-02.08.58:723][  0]LogConfig: Setting CVar [[p.chaos.AllowCreatePhysxBodies:1]]
[2020.02.26-02.08.58:723][  0]LogConfig: Applying CVar settings from Section [ConsoleVariables] File [C:/Users/ir/Documents/Developpement/Undisclosed Studios/Game/Renegades/Saved/Config/Windows/Engine.ini]
[2020.02.26-02.08.58:723][  0]LogInit: Computer: DESKTOP-C8OPNC2
[2020.02.26-02.08.58:723][  0]LogInit: User: ir
[2020.02.26-02.08.58:723][  0]LogInit: CPU Page size=4096, Cores=8
[2020.02.26-02.08.58:723][  0]LogInit: High frequency timer resolution =10.000000 MHz
[2020.02.26-02.08.58:724][  0]LogMemory: Memory total: Physical=15.9GB (16GB approx)
[2020.02.26-02.08.58:724][  0]LogMemory: Platform Memory Stats for Windows
[2020.02.26-02.08.58:724][  0]LogMemory: Process Physical Memory: 106.89 MB used, 106.89 MB peak
[2020.02.26-02.08.58:724][  0]LogMemory: Process Virtual Memory: 102.50 MB used, 102.50 MB peak
[2020.02.26-02.08.58:724][  0]LogMemory: Physical Memory: 10588.26 MB used,  5741.11 MB free, 16329.36 MB total
[2020.02.26-02.08.58:724][  0]LogMemory: Virtual Memory: 5179.25 MB used,  134212552.00 MB free, 134217728.00 MB total
[2020.02.26-02.08.58:726][  0]LogWindows: WindowsPlatformFeatures enabled
[2020.02.26-02.08.58:739][  0]LogInit: Using OS detected language (en-US).
[2020.02.26-02.08.58:739][  0]LogInit: Using OS detected locale (en-US).
[2020.02.26-02.08.58:739][  0]LogTextLocalizationManager: No specific localization for 'en-US' exists, so the 'en' localization will be used.
[2020.02.26-02.08.58:888][  0]LogInit: Setting process to per monitor DPI aware
[2020.02.26-02.08.58:929][  0]LogSlate: New Slate User Created.  User Index 0, Is Virtual User: 0
[2020.02.26-02.08.58:929][  0]LogSlate: Slate User Registered.  User Index 0, Is Virtual User: 0
[2020.02.26-02.08.59:057][  0]LogHMD: Failed to initialize OpenVR with code 110
[2020.02.26-02.08.59:057][  0]LogD3D11RHI: D3D11 min allowed feature level: 11_0
[2020.02.26-02.08.59:057][  0]LogD3D11RHI: D3D11 max allowed feature level: 11_0
[2020.02.26-02.08.59:057][  0]LogD3D11RHI: D3D11 adapters:
[2020.02.26-02.08.59:124][  0]LogD3D11RHI:    0. 'NVIDIA GeForce GTX 1060 6GB' (Feature Level 11_0)
[2020.02.26-02.08.59:124][  0]LogD3D11RHI:       6052/0/8164 MB DedicatedVideo/DedicatedSystem/SharedSystem, Outputs:2, VendorId:0x10de
[2020.02.26-02.08.59:156][  0]LogD3D11RHI:    1. 'Radeon RX 580 Series' (Feature Level 11_0)
[2020.02.26-02.08.59:156][  0]LogD3D11RHI:       8137/0/8164 MB DedicatedVideo/DedicatedSystem/SharedSystem, Outputs:0, VendorId:0x1002
[2020.02.26-02.08.59:158][  0]LogD3D11RHI:    2. 'Microsoft Basic Render Driver' (Feature Level 11_0)
[2020.02.26-02.08.59:159][  0]LogD3D11RHI:       0/0/8164 MB DedicatedVideo/DedicatedSystem/SharedSystem, Outputs:0, VendorId:0x1414
[2020.02.26-02.08.59:159][  0]LogD3D11RHI: Chosen D3D11 Adapter: 0
[2020.02.26-02.08.59:169][  0]LogD3D11RHI: Creating new Direct3DDevice
[2020.02.26-02.08.59:169][  0]LogD3D11RHI:     GPU DeviceId: 0x1b83 (for the marketing name, search the web for "GPU Device Id")
[2020.02.26-02.08.59:169][  0]LogWindows: EnumDisplayDevices:
[2020.02.26-02.08.59:169][  0]LogWindows:    0. 'NVIDIA GeForce GTX 1060 6GB' (P:0 D:1)
[2020.02.26-02.08.59:170][  0]LogWindows:    1. 'NVIDIA GeForce GTX 1060 6GB' (P:1 D:1)
[2020.02.26-02.08.59:170][  0]LogWindows:    2. 'NVIDIA GeForce GTX 1060 6GB' (P:0 D:0)
[2020.02.26-02.08.59:170][  0]LogWindows:    3. 'NVIDIA GeForce GTX 1060 6GB' (P:0 D:0)
[2020.02.26-02.08.59:170][  0]LogWindows:    4. 'Radeon RX 580 Series' (P:0 D:0)
[2020.02.26-02.08.59:171][  0]LogWindows:    5. 'Radeon RX 580 Series' (P:0 D:0)
[2020.02.26-02.08.59:171][  0]LogWindows:    6. 'Radeon RX 580 Series' (P:0 D:0)
[2020.02.26-02.08.59:171][  0]LogWindows:    7. 'Radeon RX 580 Series' (P:0 D:0)
[2020.02.26-02.08.59:171][  0]LogWindows:    8. 'Radeon RX 580 Series' (P:0 D:0)
[2020.02.26-02.08.59:172][  0]LogWindows:    9. 'Radeon RX 580 Series' (P:0 D:0)
[2020.02.26-02.08.59:172][  0]LogWindows:    10. 'Radeon RX 580 Series' (P:0 D:0)
[2020.02.26-02.08.59:172][  0]LogWindows:    11. 'Radeon RX 580 Series' (P:0 D:0)
[2020.02.26-02.08.59:172][  0]LogWindows:    12. 'Radeon RX 580 Series' (P:0 D:0)
[2020.02.26-02.08.59:173][  0]LogWindows:    13. 'Radeon RX 580 Series' (P:0 D:0)
[2020.02.26-02.08.59:173][  0]LogWindows:    14. 'Radeon RX 580 Series' (P:0 D:0)
[2020.02.26-02.08.59:173][  0]LogWindows:    15. 'Radeon RX 580 Series' (P:0 D:0)
[2020.02.26-02.08.59:173][  0]LogWindows:    16. 'Radeon RX 580 Series' (P:0 D:0)
[2020.02.26-02.08.59:174][  0]LogWindows:    17. 'Radeon RX 580 Series' (P:0 D:0)
[2020.02.26-02.08.59:174][  0]LogWindows:    18. 'Radeon RX 580 Series' (P:0 D:0)
[2020.02.26-02.08.59:174][  0]LogWindows:    19. 'Radeon RX 580 Series' (P:0 D:0)
[2020.02.26-02.08.59:175][  0]LogWindows: DebugString: PrimaryIsNotTheChoosenAdapter PrimaryIsNotTheChoosenAdapter PrimaryIsNotTheChoosenAdapter PrimaryIsNotTheChoosenAdapter PrimaryIsNotTheChoosenAdapter PrimaryIsNotTheChoosenAdapter PrimaryIsNotTheChoosenAdapter PrimaryIsNotTheChoosenAdapter PrimaryIsNotTheChoosenAdapter PrimaryIsNotTheChoosenAdapter PrimaryIsNotTheChoosenAdapter PrimaryIsNotTheChoosenAdapter PrimaryIsNotTheChoosenAdapter PrimaryIsNotTheChoosenAdapter PrimaryIsNotTheChoosenAdapter PrimaryIsNotTheChoosenAdapter FoundDriverCount:4 
[2020.02.26-02.08.59:175][  0]LogD3D11RHI:     Adapter Name: NVIDIA GeForce GTX 1060 6GB
[2020.02.26-02.08.59:175][  0]LogD3D11RHI:   Driver Version: 442.19 (internal:26.21.14.4219, unified:442.19)
[2020.02.26-02.08.59:175][  0]LogD3D11RHI:      Driver Date: 1-29-2020
[2020.02.26-02.08.59:175][  0]LogRHI: Texture pool is 4236 MB (70% of 6052 MB)
[2020.02.26-02.08.59:223][  0]LogD3D11RHI: RHI has support for 64 bit atomics
[2020.02.26-02.08.59:224][  0]LogD3D11RHI: Async texture creation enabled
[2020.02.26-02.08.59:266][  0]LogD3D11RHI: GPU Timing Frequency: 1000.000000 (Debug: 2 1)
[2020.02.26-02.08.59:505][  0]LogTargetPlatformManager: Display: Loaded TargetPlatform 'AllDesktop'
[2020.02.26-02.08.59:536][  0]LogTargetPlatformManager: Display: Loaded TargetPlatform 'Android'
[2020.02.26-02.08.59:536][  0]LogTargetPlatformManager: Display: Loaded TargetPlatform 'Android_ASTC'
[2020.02.26-02.08.59:536][  0]LogTargetPlatformManager: Display: Loaded TargetPlatform 'Android_ATC'
[2020.02.26-02.08.59:536][  0]LogTargetPlatformManager: Display: Loaded TargetPlatform 'Android_DXT'
[2020.02.26-02.08.59:536][  0]LogTargetPlatformManager: Display: Loaded TargetPlatform 'Android_ETC1'
[2020.02.26-02.08.59:536][  0]LogTargetPlatformManager: Display: Loaded TargetPlatform 'Android_ETC1a'
[2020.02.26-02.08.59:536][  0]LogTargetPlatformManager: Display: Loaded TargetPlatform 'Android_ETC2'
[2020.02.26-02.08.59:536][  0]LogTargetPlatformManager: Display: Loaded TargetPlatform 'Android_PVRTC'
[2020.02.26-02.08.59:536][  0]LogTargetPlatformManager: Display: Loaded TargetPlatform 'AndroidClient'
[2020.02.26-02.08.59:536][  0]LogTargetPlatformManager: Display: Loaded TargetPlatform 'Android_ASTCClient'
[2020.02.26-02.08.59:536][  0]LogTargetPlatformManager: Display: Loaded TargetPlatform 'Android_ATCClient'
[2020.02.26-02.08.59:536][  0]LogTargetPlatformManager: Display: Loaded TargetPlatform 'Android_DXTClient'
[2020.02.26-02.08.59:536][  0]LogTargetPlatformManager: Display: Loaded TargetPlatform 'Android_ETC1Client'
[2020.02.26-02.08.59:536][  0]LogTargetPlatformManager: Display: Loaded TargetPlatform 'Android_ETC1aClient'
[2020.02.26-02.08.59:536][  0]LogTargetPlatformManager: Display: Loaded TargetPlatform 'Android_ETC2Client'
[2020.02.26-02.08.59:536][  0]LogTargetPlatformManager: Display: Loaded TargetPlatform 'Android_PVRTCClient'
[2020.02.26-02.08.59:536][  0]LogTargetPlatformManager: Display: Loaded TargetPlatform 'Android_Multi'
[2020.02.26-02.08.59:536][  0]LogTargetPlatformManager: Display: Loaded TargetPlatform 'Android_MultiClient'
[2020.02.26-02.08.59:554][  0]LogTargetPlatformManager: Display: Loaded TargetPlatform 'IOSClient'
[2020.02.26-02.08.59:554][  0]LogTargetPlatformManager: Display: Loaded TargetPlatform 'IOS'
[2020.02.26-02.08.59:561][  0]LogTargetPlatformManager: Display: Loaded TargetPlatform 'LinuxNoEditor'
[2020.02.26-02.08.59:568][  0]LogTargetPlatformManager: Display: Loaded TargetPlatform 'LinuxClient'
[2020.02.26-02.08.59:575][  0]LogTargetPlatformManager: Display: Loaded TargetPlatform 'LinuxServer'
[2020.02.26-02.08.59:582][  0]LogTargetPlatformManager: Display: Loaded TargetPlatform 'LinuxAArch64NoEditor'
[2020.02.26-02.08.59:588][  0]LogTargetPlatformManager: Display: Loaded TargetPlatform 'LinuxAArch64Client'
[2020.02.26-02.08.59:595][  0]LogTargetPlatformManager: Display: Loaded TargetPlatform 'LinuxAArch64Server'
[2020.02.26-02.08.59:618][  0]LogTargetPlatformManager: Display: Loaded TargetPlatform 'Lumin'
[2020.02.26-02.08.59:618][  0]LogTargetPlatformManager: Display: Loaded TargetPlatform 'LuminClient'
[2020.02.26-02.08.59:631][  0]LogTargetPlatformManager: Display: Loaded TargetPlatform 'TVOSClient'
[2020.02.26-02.08.59:631][  0]LogTargetPlatformManager: Display: Loaded TargetPlatform 'TVOS'
[2020.02.26-02.08.59:638][  0]LogTargetPlatformManager: Display: Loaded TargetPlatform 'WindowsNoEditor'
[2020.02.26-02.08.59:644][  0]LogTargetPlatformManager: Display: Loaded TargetPlatform 'Windows'
[2020.02.26-02.08.59:651][  0]LogTargetPlatformManager: Display: Loaded TargetPlatform 'WindowsClient'
[2020.02.26-02.08.59:657][  0]LogTargetPlatformManager: Display: Loaded TargetPlatform 'WindowsServer'
[2020.02.26-02.08.59:658][  0]LogTargetPlatformManager: Display: Building Assets For Windows
[2020.02.26-02.08.59:660][  0]LogAudioDebug: Display: Lib vorbis DLL was dynamically loaded.
[2020.02.26-02.08.59:674][  0]LogShaderCompilers: Guid format shader working directory is -28 characters bigger than the processId version (C:/Users/ir/Documents/Developpement/Undisclosed Studios/Game/Renegades/Intermediate/Shaders/WorkingDirectory/29340/).
[2020.02.26-02.08.59:674][  0]LogShaderCompilers: Cleaned the shader compiler working directory 'C:/Users/ir/AppData/Local/Temp/UnrealShaderWorkingDir/1D9007B7467194F91CCFBE8ECAB3EC43/'.
[2020.02.26-02.08.59:674][  0]LogXGEController: Cannot use XGE Controller as Incredibuild is not installed on this machine.
[2020.02.26-02.08.59:674][  0]LogShaderCompilers: Cannot use XGE Shader Compiler as Incredibuild is not installed on this machine.
[2020.02.26-02.08.59:674][  0]LogShaderCompilers: Display: Using Local Shader Compiler.
[2020.02.26-02.09.00:303][  0]LogDerivedDataCache: Display: Max Cache Size: 512 MB
[2020.02.26-02.09.00:348][  0]LogDerivedDataCache: Loaded boot cache 0.04s 78MB C:/Users/ir/AppData/Local/UnrealEngine/4.24/DerivedDataCache/Boot.ddc.
[2020.02.26-02.09.00:348][  0]LogDerivedDataCache: Display: Loaded Boot cache: C:/Users/ir/AppData/Local/UnrealEngine/4.24/DerivedDataCache/Boot.ddc
[2020.02.26-02.09.00:348][  0]LogDerivedDataCache: FDerivedDataBackendGraph:  Pak pak cache file C:/Users/ir/Documents/Developpement/Undisclosed Studios/Game/Renegades/DerivedDataCache/DDC.ddp not found, will not use a pak cache.
[2020.02.26-02.09.00:348][  0]LogDerivedDataCache: Unable to find inner node Pak for hierarchical cache Hierarchy.
[2020.02.26-02.09.00:348][  0]LogDerivedDataCache: FDerivedDataBackendGraph:  CompressedPak pak cache file C:/Users/ir/Documents/Developpement/Undisclosed Studios/Game/Renegades/DerivedDataCache/Compressed.ddp not found, will not use a pak cache.
[2020.02.26-02.09.00:348][  0]LogDerivedDataCache: Unable to find inner node CompressedPak for hierarchical cache Hierarchy.
[2020.02.26-02.09.00:358][  0]LogDerivedDataCache: Display: Pak cache opened for reading ../../../Engine/DerivedDataCache/Compressed.ddp.
[2020.02.26-02.09.00:358][  0]LogDerivedDataCache: FDerivedDataBackendGraph:  EnterprisePak pak cache file ../../../Enterprise/DerivedDataCache/Compressed.ddp not found, will not use a pak cache.
[2020.02.26-02.09.00:358][  0]LogDerivedDataCache: Unable to find inner node EnterprisePak for hierarchical cache Hierarchy.
[2020.02.26-02.09.00:359][  0]LogDerivedDataCache: Using Local data cache path C:/Users/ir/AppData/Local/UnrealEngine/Common/DerivedDataCache: Writable
[2020.02.26-02.09.00:359][  0]LogDerivedDataCache: Shared data cache path not found in *engine.ini, will not use an Shared cache.
[2020.02.26-02.09.00:359][  0]LogDerivedDataCache: Unable to find inner node Shared for hierarchical cache Hierarchy.
[2020.02.26-02.09.00:383][  0]LogMaterial: Verifying Global Shaders for PCD3D_SM5
[2020.02.26-02.09.00:386][  0]LogSlate: Using FreeType 2.10.0
[2020.02.26-02.09.00:387][  0]LogSlate: SlateFontServices - WITH_FREETYPE: 1, WITH_HARFBUZZ: 1
[2020.02.26-02.09.00:429][  0]LogAssetRegistry: FAssetRegistry took 0.0023 seconds to start up
[2020.02.26-02.09.00:699][  0]LogInit: Selected Device Profile: [Windows]
[2020.02.26-02.09.00:835][  0]LogMeshReduction: Using QuadricMeshReduction for automatic static mesh reduction
[2020.02.26-02.09.00:835][  0]LogMeshReduction: Using SimplygonMeshReduction for automatic skeletal mesh reduction
[2020.02.26-02.09.00:835][  0]LogMeshReduction: Using ProxyLODMeshReduction for automatic mesh merging
[2020.02.26-02.09.00:835][  0]LogMeshReduction: No distributed automatic mesh merging module available
[2020.02.26-02.09.00:835][  0]LogMeshMerging: No distributed automatic mesh merging module available
[2020.02.26-02.09.00:849][  0]LogNetVersion: Renegades 1.0.0, NetCL: 10570792, EngineNetVer: 13, GameNetVer: 0 (Checksum: 627462792)
[2020.02.26-02.09.01:735][  0]LogPackageLocalizationCache: Processed 10 localized package path(s) for 1 prioritized culture(s) in 0.044107 seconds
[2020.02.26-02.09.01:743][  0]LogUObjectArray: 46750 objects as part of root set at end of initial load.
[2020.02.26-02.09.01:743][  0]LogUObjectAllocator: 8137160 out of 0 bytes used by permanent object pool.
[2020.02.26-02.09.01:743][  0]LogUObjectArray: CloseDisregardForGC: 0/0 objects in disregard for GC pool
[2020.02.26-02.09.02:118][  0]LogTcpMessaging: Initializing TcpMessaging bridge
[2020.02.26-02.09.02:121][  0]LogUdpMessaging: Initializing bridge on interface 0.0.0.0:0 to multicast group 230.0.0.1:6666.
[2020.02.26-02.09.02:277][  0]SourceControl: Source control is disabled
[2020.02.26-02.09.02:278][  0]SourceControl: Source control is disabled
[2020.02.26-02.09.02:278][  0]SourceControl: Source control is disabled
[2020.02.26-02.09.02:279][  0]SourceControl: Source control is disabled
[2020.02.26-02.09.02:279][  0]SourceControl: Source control is disabled
[2020.02.26-02.09.02:345][  0]LogAndroidPermission: UAndroidPermissionCallbackProxy::GetInstance
[2020.02.26-02.09.02:355][  0]LogAudioCaptureCore: Display: No Audio Capture implementations found. Audio input will be silent.
[2020.02.26-02.09.02:355][  0]LogAudioCaptureCore: Display: No Audio Capture implementations found. Audio input will be silent.
[2020.02.26-02.09.02:437][  0]LogOcInput: OculusInput pre-init called
[2020.02.26-02.09.02:443][  0]LogWindows: Failed to load 'OVRPlugin.dll' (GetLastError=126)
[2020.02.26-02.09.02:443][  0]LogWindows: File 'OVRPlugin.dll' does not exist
[2020.02.26-02.09.02:512][  0]LogEngine: Initializing Engine...
[2020.02.26-02.09.02:512][  0]LogHMD: Failed to initialize OpenVR with code 110
[2020.02.26-02.09.02:513][  0]LogStats: UGameplayTagsManager::InitializeManager -  0.000 s
[2020.02.26-02.09.02:841][  0]LogInit: Initializing FReadOnlyCVARCache
[2020.02.26-02.09.02:851][  0]LogAIModule: Creating AISystem for world Untitled
[2020.02.26-02.09.02:867][  0]LogAudioMixer: Display: Audio Mixer Platform Settings:
[2020.02.26-02.09.02:867][  0]LogAudioMixer: Display: 	Sample Rate:						  48000
[2020.02.26-02.09.02:867][  0]LogAudioMixer: Display: 	Callback Buffer Frame Size Requested: 1024
[2020.02.26-02.09.02:867][  0]LogAudioMixer: Display: 	Callback Buffer Frame Size To Use:	  1024
[2020.02.26-02.09.02:867][  0]LogAudioMixer: Display: 	Number of buffers to queue:			  2
[2020.02.26-02.09.02:867][  0]LogAudioMixer: Display: 	Max Channels (voices):				  32
[2020.02.26-02.09.02:867][  0]LogAudioMixer: Display: 	Number of Async Source Workers:		  0
[2020.02.26-02.09.02:867][  0]LogAudio: Display: AudioDevice MaxSources: 32
[2020.02.26-02.09.02:867][  0]LogAudio: Display: Using built-in audio occlusion.
[2020.02.26-02.09.02:867][  0]LogAudioMixer: Display: Initializing audio mixer.
[2020.02.26-02.09.02:904][  0]LogAudioMixer: Display: Audio Device Output Speaker Info:
[2020.02.26-02.09.02:904][  0]LogAudioMixer: Display: Name: Headset Earphone (Corsair VOID PRO USB Gaming Headset )
[2020.02.26-02.09.02:904][  0]LogAudioMixer: Display: Is Default: Yes
[2020.02.26-02.09.02:904][  0]LogAudioMixer: Display: Sample Rate: 48000
[2020.02.26-02.09.02:904][  0]LogAudioMixer: Display: Channel Count Used: 2
[2020.02.26-02.09.02:904][  0]LogAudioMixer: Display: Device Channel Count: 2
[2020.02.26-02.09.02:904][  0]LogAudioMixer: Display: Channel Order:
[2020.02.26-02.09.02:904][  0]LogAudioMixer: Display: 0: FrontLeft
[2020.02.26-02.09.02:904][  0]LogAudioMixer: Display: 1: FrontRight
[2020.02.26-02.09.02:922][  0]LogAudioMixer: Display: Using Audio Device Headset Earphone (Corsair VOID PRO USB Gaming Headset )
[2020.02.26-02.09.02:927][  0]LogInit: FAudioDevice initialized.
[2020.02.26-02.09.02:927][  0]LogNetVersion: Set ProjectVersion to 1.0.0.0. Version Checksum will be recalculated on next use.
[2020.02.26-02.09.03:005][  0]LogDerivedDataCache: Saved boot cache 0.08s 78MB C:/Users/ir/AppData/Local/UnrealEngine/4.24/DerivedDataCache/Boot.ddc.
[2020.02.26-02.09.03:012][  0]LogInit: Texture streaming: Enabled
[2020.02.26-02.09.03:022][  0]LogEngineSessionManager: EngineSessionManager initialized
[2020.02.26-02.09.03:022][  0]LogEditorSessionSummary: Verbose: Initializing EditorSessionSummaryWriter for editor session tracking
[2020.02.26-02.09.03:024][  0]LogEditorSessionSummary: EditorSessionSummaryWriter initialized
[2020.02.26-02.09.03:063][  0]LogInit: Transaction tracking system initialized
[2020.02.26-02.09.03:071][  0]BlueprintLog: New page: Editor Load
[2020.02.26-02.09.03:102][  0]LocalizationService: Localization service is disabled
[2020.02.26-02.09.03:454][  0]LogFileCache: Scanning file cache for directory 'C:/Users/ir/Documents/Developpement/Undisclosed Studios/Game/Renegades/Content/' took 0.00s
[2020.02.26-02.09.03:454][  0]LogCook: Display: Max memory allowance for cook 16384mb min free memory 0mb
[2020.02.26-02.09.03:454][  0]LogCook: Display: Mobile HDR setting 0
[2020.02.26-02.09.03:971][  0]SourceControl: Source control is disabled
[2020.02.26-02.09.03:971][  0]Cmd: MAP LOAD FILE="C:/Users/ir/Documents/Developpement/Undisclosed Studios/Game/Renegades/Content/Maps/Menu.umap" TEMPLATE=0 SHOWPROGRESS=1 FEATURELEVEL=3
[2020.02.26-02.09.03:971][  0]LightingResults: New page: Lighting Build
[2020.02.26-02.09.03:972][  0]LogWorld: UWorld::CleanupWorld for Untitled, bSessionEnded=true, bCleanupResources=true
[2020.02.26-02.09.03:972][  0]LogSlate: InvalidateAllWidgets triggered.  All widgets were invalidated
[2020.02.26-02.09.03:972][  0]MapCheck: New page: Map Check
[2020.02.26-02.09.03:972][  0]LightingResults: New page: Lighting Build
[2020.02.26-02.09.04:008][  0]LogUObjectHash: Compacting FUObjectHashTables data took   1.69ms
[2020.02.26-02.09.04:012][  0]LogAIModule: Creating AISystem for world Menu
[2020.02.26-02.09.04:013][  0]LogEditorServer: Finished looking for orphan Actors (0.000 secs)
[2020.02.26-02.09.04:048][  0]LogUObjectHash: Compacting FUObjectHashTables data took   0.77ms
[2020.02.26-02.09.04:049][  0]Cmd: MAP CHECKDEP NOCLEARLOG
[2020.02.26-02.09.04:049][  0]MapCheck: Map check complete: 0 Error(s), 0 Warning(s), took 0.17ms to complete.
[2020.02.26-02.09.04:049][  0]LogFileHelpers: Loading map 'Menu' took 0.078
[2020.02.26-02.09.04:346][  0]LogSlate: Updating window title bar state: overlay mode, drag disabled, window buttons hidden, title bar hidden
[2020.02.26-02.09.04:352][  0]LogSlate: Updating window title bar state: overlay mode, drag disabled, window buttons hidden, title bar hidden
[2020.02.26-02.09.04:358][  0]LogSlate: Updating window title bar state: overlay mode, drag disabled, window buttons hidden, title bar hidden
[2020.02.26-02.09.04:364][  0]LogSlate: Updating window title bar state: overlay mode, drag disabled, window buttons hidden, title bar hidden
[2020.02.26-02.09.04:391][  0]LogCollectionManager: Loaded 0 collections in 0.001642 seconds
[2020.02.26-02.09.04:424][  0]LogFileCache: Scanning file cache for directory 'C:/Users/ir/Documents/Developpement/Undisclosed Studios/Game/Renegades/Saved/Collections/' took 0.00s
[2020.02.26-02.09.04:424][  0]LogFileCache: Scanning file cache for directory 'C:/Users/ir/Documents/Developpement/Undisclosed Studios/Game/Renegades/Content/Developers/ir/Collections/' took 0.00s
[2020.02.26-02.09.04:424][  0]LogFileCache: Scanning file cache for directory 'C:/Users/ir/Documents/Developpement/Undisclosed Studios/Game/Renegades/Content/Collections/' took 0.00s
[2020.02.26-02.09.04:424][  0]LogContentBrowser: Native class hierarchy populated in 0.0088 seconds. Added 3016 classes and 719 folders.
[2020.02.26-02.09.04:438][  0]LogContentBrowser: Native class hierarchy updated for 'WidgetCarousel' in 0.0003 seconds. Added 0 classes and 0 folders.
[2020.02.26-02.09.05:423][  0]LogContentBrowser: Native class hierarchy updated for 'AddContentDialog' in 0.0003 seconds. Added 0 classes and 0 folders.
[2020.02.26-02.09.05:461][  0]LogContentBrowser: Native class hierarchy updated for 'SceneOutliner' in 0.0004 seconds. Added 2 classes and 3 folders.
[2020.02.26-02.09.05:562][  0]LogSlate: Took 0.000142 seconds to synchronously load lazily loaded font '../../../Engine/Content/Slate/Fonts/Roboto-Regular.ttf' (155K)
[2020.02.26-02.09.05:564][  0]LogSlate: Took 0.000175 seconds to synchronously load lazily loaded font '../../../Engine/Content/Slate/Fonts/Roboto-Bold.ttf' (160K)
[2020.02.26-02.09.05:582][  0]LogSlate: Took 0.013139 seconds to synchronously load lazily loaded font '../../../Engine/Content/Editor/Slate/Fonts/FontAwesome.ttf' (139K)
[2020.02.26-02.09.05:848][  0]LogRenderer: Reallocating scene render targets to support 1208x572 Format 10 NumSamples 1 (Frame:1).
[2020.02.26-02.09.05:936][  0]LogContentBrowser: Native class hierarchy updated for 'HierarchicalLODOutliner' in 0.0004 seconds. Added 0 classes and 0 folders.
[2020.02.26-02.09.05:936][  0]LogLoad: (Engine Initialization) Total time: 7.98 seconds
[2020.02.26-02.09.05:936][  0]LogLoad: (Engine Initialization) Total Blueprint compile time: 0.00 seconds
[2020.02.26-02.09.05:979][  0]LogAssetRegistry: Asset discovery search completed in 5.5515 seconds
[2020.02.26-02.09.05:982][  0]LogCollectionManager: Fixed up redirectors for 0 collections in 0.000006 seconds (updated 0 objects)
[2020.02.26-02.09.05:983][  0]LogContentStreaming: Texture pool size now 1000 MB
[2020.02.26-02.09.06:012][  0]LogSlate: Took 0.012287 seconds to synchronously load lazily loaded font '../../../Engine/Content/Slate/Fonts/Roboto-Light.ttf' (167K)
[2020.02.26-02.09.17:142][933]LogSlate: Took 0.000151 seconds to synchronously load lazily loaded font '../../../Engine/Content/Slate/Fonts/Roboto-Light.ttf' (167K)
[2020.02.26-02.09.17:156][933]LogAssetEditorSubsystem: Opening Asset editor for LevelScriptBlueprint /Game/Maps/Menu.Menu:PersistentLevel.Menu
[2020.02.26-02.09.17:436][933]LogContentBrowser: Native class hierarchy updated for 'BlueprintGraph' in 0.0007 seconds. Added 121 classes and 0 folders.
[2020.02.26-02.09.18:416][933]LogSlate: Took 0.000248 seconds to synchronously load lazily loaded font '../../../Engine/Content/Slate/Fonts/Roboto-BoldCondensed.ttf' (158K)
[2020.02.26-02.11.16:385][117]LogTemp: Repeating last play command: Selected Viewport
[2020.02.26-02.11.16:418][117]LogBlueprintUserMessages: Early PlayInEditor Detection: Level '/Game/Maps/Menu.Menu:PersistentLevel' has LevelScriptBlueprint '/Game/Maps/Menu.Menu:PersistentLevel.Menu' with GeneratedClass '/Game/Maps/Menu.Menu_C' with ClassGeneratedBy '/Game/Maps/Menu.Menu:PersistentLevel.Menu'
[2020.02.26-02.11.16:418][117]BlueprintLog: New page: Pre-Play auto-recompile
[2020.02.26-02.11.16:418][117]LogPlayLevel: [PlayLevel] Compiling Menu before play...
[2020.02.26-02.11.16:460][117]Cmd: OBJ SAVEPACKAGE PACKAGE="/Game/Maps/Menu" FILE="C:/Users/ir/Documents/Developpement/Undisclosed Studios/Game/Renegades/Content/Maps/Menu.umap" SILENT=true AUTOSAVING=false KEEPDIRTY=false
[2020.02.26-02.11.16:506][117]LogUObjectHash: Compacting FUObjectHashTables data took   3.48ms
[2020.02.26-02.11.16:510][117]LogPlayLevel: [PlayLevel]   Compiling Menu as a dependent...
[2020.02.26-02.11.16:748][117]LogSavePackage: Moving 'C:/Users/ir/Documents/Developpement/Undisclosed Studios/Game/Renegades/Saved/Menu29FB86BD4173F676AB6EF1A063AE18BC.tmp' to 'C:/Users/ir/Documents/Developpement/Undisclosed Studios/Game/Renegades/Content/Maps/Menu.umap'
[2020.02.26-02.11.16:766][117]LogFileHelpers: Saving map 'Menu' took 0.306
[2020.02.26-02.11.16:811][117]LogUObjectHash: Compacting FUObjectHashTables data took   2.89ms
[2020.02.26-02.11.16:811][117]LogPlayLevel: PlayLevel: Blueprint regeneration took 393 ms (2 blueprints)
[2020.02.26-02.11.16:834][117]PIE: New page: PIE session: Menu (Feb 26, 2020, 4:11:16 AM)
[2020.02.26-02.11.16:835][117]LogOnline: OSS: Creating online subsystem instance for: NULL
[2020.02.26-02.11.16:836][117]LogOnline: OSS: TryLoadSubsystemAndSetDefault: Loaded subsystem for module [NULL]
[2020.02.26-02.11.16:836][117]LogPlayLevel: Creating play world package: /Game/Maps/UEDPIE_0_Menu
[2020.02.26-02.11.16:848][117]LogPlayLevel: PIE: StaticDuplicateObject took: (0.012617s)
[2020.02.26-02.11.16:849][117]LogAIModule: Creating AISystem for world Menu
[2020.02.26-02.11.16:849][117]LogPlayLevel: PIE: World Init took: (0.000900s)
[2020.02.26-02.11.16:850][117]LogPlayLevel: PIE: Created PIE world by copying editor world from /Game/Maps/Menu.Menu to /Game/Maps/UEDPIE_0_Menu.Menu (0.013841s)
[2020.02.26-02.11.16:890][117]LogUObjectHash: Compacting FUObjectHashTables data took   2.63ms
[2020.02.26-02.11.16:891][117]LogAudioMixer: Display: Audio Mixer Platform Settings:
[2020.02.26-02.11.16:891][117]LogAudioMixer: Display: 	Sample Rate:						  48000
[2020.02.26-02.11.16:891][117]LogAudioMixer: Display: 	Callback Buffer Frame Size Requested: 1024
[2020.02.26-02.11.16:891][117]LogAudioMixer: Display: 	Callback Buffer Frame Size To Use:	  1024
[2020.02.26-02.11.16:891][117]LogAudioMixer: Display: 	Number of buffers to queue:			  2
[2020.02.26-02.11.16:891][117]LogAudioMixer: Display: 	Max Channels (voices):				  32
[2020.02.26-02.11.16:891][117]LogAudioMixer: Display: 	Number of Async Source Workers:		  0
[2020.02.26-02.11.16:891][117]LogAudio: Display: AudioDevice MaxSources: 32
[2020.02.26-02.11.16:892][117]LogAudio: Display: Using built-in audio occlusion.
[2020.02.26-02.11.16:892][117]LogAudioMixer: Display: Initializing audio mixer.
[2020.02.26-02.11.16:925][117]LogAudioMixer: Display: Audio Device Output Speaker Info:
[2020.02.26-02.11.16:925][117]LogAudioMixer: Display: Name: Headset Earphone (Corsair VOID PRO USB Gaming Headset )
[2020.02.26-02.11.16:925][117]LogAudioMixer: Display: Is Default: Yes
[2020.02.26-02.11.16:925][117]LogAudioMixer: Display: Sample Rate: 48000
[2020.02.26-02.11.16:925][117]LogAudioMixer: Display: Channel Count Used: 2
[2020.02.26-02.11.16:925][117]LogAudioMixer: Display: Device Channel Count: 2
[2020.02.26-02.11.16:925][117]LogAudioMixer: Display: Channel Order:
[2020.02.26-02.11.16:925][117]LogAudioMixer: Display: 0: FrontLeft
[2020.02.26-02.11.16:925][117]LogAudioMixer: Display: 1: FrontRight
[2020.02.26-02.11.16:936][117]LogAudioMixer: Display: Using Audio Device Headset Earphone (Corsair VOID PRO USB Gaming Headset )
[2020.02.26-02.11.16:939][117]LogInit: FAudioDevice initialized.
[2020.02.26-02.11.16:949][117]LogLoad: Game class is 'GameModeBase'
[2020.02.26-02.11.16:950][117]LogWorld: Bringing World /Game/Maps/UEDPIE_0_Menu.Menu up for play (max tick rate 0) at 2020.02.26-03.11.16
[2020.02.26-02.11.16:950][117]LogWorld: Bringing up level for play took: 0.000352
[2020.02.26-02.11.16:950][117]LogOnline: OSS: Creating online subsystem instance for: :Context_2
[2020.02.26-02.11.16:958][117]LogContentBrowser: Native class hierarchy updated for 'MovieSceneCapture' in 0.0006 seconds. Added 20 classes and 0 folders.
[2020.02.26-02.11.16:965][117]PIE: Play in editor start time for /Game/Maps/UEDPIE_0_Menu 0.421
[2020.02.26-02.11.16:965][117]LogBlueprintUserMessages: Late PlayInEditor Detection: Level '/Game/Maps/Menu.Menu:PersistentLevel' has LevelScriptBlueprint '/Game/Maps/Menu.Menu:PersistentLevel.Menu' with GeneratedClass '/Game/Maps/Menu.Menu_C' with ClassGeneratedBy '/Game/Maps/Menu.Menu:PersistentLevel.Menu'
[2020.02.26-02.11.16:992][118]AssetCheck: New page: Asset Save: Menu
[2020.02.26-02.11.16:992][118]LogContentValidation: Display: Validating World /Game/Maps/Menu.Menu
[2020.02.26-02.11.29:254][797]Cmd: SELECT NONE
[2020.02.26-02.11.29:771][834]LogAudioMixer: Display: No commands were queued while flushing the source manager.
[2020.02.26-02.11.29:771][834]LogAudioMixer: Display: No commands were queued while flushing the source manager.
[2020.02.26-02.11.29:771][834]LogBlueprintUserMessages: Early EndPlayMap Detection: Level '/Game/Maps/Menu.Menu:PersistentLevel' has LevelScriptBlueprint '/Game/Maps/Menu.Menu:PersistentLevel.Menu' with GeneratedClass '/Game/Maps/Menu.Menu_C' with ClassGeneratedBy '/Game/Maps/Menu.Menu:PersistentLevel.Menu'
[2020.02.26-02.11.29:771][834]LogSlate: Updating window title bar state: overlay mode, drag disabled, window buttons hidden, title bar hidden
[2020.02.26-02.11.29:771][834]LogWorld: BeginTearingDown for /Game/Maps/UEDPIE_0_Menu
[2020.02.26-02.11.29:771][834]LogAudioMixer: Display: No commands were queued while flushing the source manager.
[2020.02.26-02.11.29:771][834]LogWorld: UWorld::CleanupWorld for Menu, bSessionEnded=true, bCleanupResources=true
[2020.02.26-02.11.29:771][834]LogSlate: InvalidateAllWidgets triggered.  All widgets were invalidated
[2020.02.26-02.11.29:780][834]LogPlayLevel: Display: Shutting down PIE online subsystems
[2020.02.26-02.11.29:781][834]LogBlueprintUserMessages: Late EndPlayMap Detection: Level '/Game/Maps/Menu.Menu:PersistentLevel' has LevelScriptBlueprint '/Game/Maps/Menu.Menu:PersistentLevel.Menu' with GeneratedClass '/Game/Maps/Menu.Menu_C' with ClassGeneratedBy '/Game/Maps/Menu.Menu:PersistentLevel.Menu'
[2020.02.26-02.11.29:785][834]LogSlate: InvalidateAllWidgets triggered.  All widgets were invalidated
[2020.02.26-02.11.29:833][834]LogAudioMixer: Display: No commands were queued while flushing the source manager.
[2020.02.26-02.11.29:835][834]LogSlate: Updating window title bar state: overlay mode, drag disabled, window buttons hidden, title bar hidden
[2020.02.26-02.11.29:858][834]LogUObjectHash: Compacting FUObjectHashTables data took   3.96ms
[2020.02.26-02.11.29:870][835]LogPlayLevel: Display: Destroying online subsystem :Context_2
[2020.02.26-02.12.12:366][307]BlueprintLog: New page: Compile Menu
[2020.02.26-02.12.12:649][307]LogUObjectHash: Compacting FUObjectHashTables data took   3.86ms
[2020.02.26-02.12.12:674][307]Cmd: OBJ SAVEPACKAGE PACKAGE="/Game/Maps/Menu" FILE="C:/Users/ir/Documents/Developpement/Undisclosed Studios/Game/Renegades/Content/Maps/Menu.umap" SILENT=true AUTOSAVING=false KEEPDIRTY=false
[2020.02.26-02.12.12:714][307]LogUObjectHash: Compacting FUObjectHashTables data took   0.97ms
[2020.02.26-02.12.12:954][307]LogSavePackage: Moving 'C:/Users/ir/Documents/Developpement/Undisclosed Studios/Game/Renegades/Saved/MenuAF2395DE415BB4DD3D101E8B401EA27B.tmp' to 'C:/Users/ir/Documents/Developpement/Undisclosed Studios/Game/Renegades/Content/Maps/Menu.umap'
[2020.02.26-02.12.12:972][307]LogFileHelpers: Saving map 'Menu' took 0.299
[2020.02.26-02.12.13:001][307]AssetCheck: New page: Asset Save: Menu
[2020.02.26-02.12.13:002][307]LogContentValidation: Display: Validating World /Game/Maps/Menu.Menu
[2020.02.26-02.12.13:944][417]Cmd: OBJ SAVEPACKAGE PACKAGE="/Game/Maps/Menu" FILE="C:/Users/ir/Documents/Developpement/Undisclosed Studios/Game/Renegades/Content/Maps/Menu.umap" SILENT=true AUTOSAVING=false KEEPDIRTY=false
[2020.02.26-02.12.13:987][417]LogUObjectHash: Compacting FUObjectHashTables data took   3.01ms
[2020.02.26-02.12.14:227][417]LogSavePackage: Moving 'C:/Users/ir/Documents/Developpement/Undisclosed Studios/Game/Renegades/Saved/Menu59F4A0F04A02EECAF6EDFEBC20CE3642.tmp' to 'C:/Users/ir/Documents/Developpement/Undisclosed Studios/Game/Renegades/Content/Maps/Menu.umap'
[2020.02.26-02.12.14:245][417]LogFileHelpers: Saving map 'Menu' took 0.301
[2020.02.26-02.12.14:258][417]AssetCheck: New page: Asset Save: Menu
[2020.02.26-02.12.14:258][417]LogContentValidation: Display: Validating World /Game/Maps/Menu.Menu
[2020.02.26-02.12.15:954][613]LogSlate: Window 'Menu' being destroyed
[2020.02.26-02.12.15:959][613]LogSlate: Window 'Menu' being destroyed
[2020.02.26-02.12.16:005][613]LogWorld: UWorld::CleanupWorld for World_0, bSessionEnded=true, bCleanupResources=true
[2020.02.26-02.12.16:006][613]LogSlate: InvalidateAllWidgets triggered.  All widgets were invalidated
[2020.02.26-02.12.17:395][764]LogTemp: Repeating last play command: Selected Viewport
[2020.02.26-02.12.17:406][764]LogBlueprintUserMessages: Early PlayInEditor Detection: Level '/Game/Maps/Menu.Menu:PersistentLevel' has LevelScriptBlueprint '/Game/Maps/Menu.Menu:PersistentLevel.Menu' with GeneratedClass '/Game/Maps/Menu.Menu_C' with ClassGeneratedBy '/Game/Maps/Menu.Menu:PersistentLevel.Menu'
[2020.02.26-02.12.17:406][764]LogPlayLevel: PlayLevel: No blueprints needed recompiling
[2020.02.26-02.12.17:406][764]PIE: New page: PIE session: Menu (Feb 26, 2020, 4:12:17 AM)
[2020.02.26-02.12.17:407][764]LogPlayLevel: Creating play world package: /Game/Maps/UEDPIE_0_Menu
[2020.02.26-02.12.17:408][764]LogPlayLevel: PIE: StaticDuplicateObject took: (0.000955s)
[2020.02.26-02.12.17:408][764]LogAIModule: Creating AISystem for world Menu
[2020.02.26-02.12.17:408][764]LogPlayLevel: PIE: World Init took: (0.000802s)
[2020.02.26-02.12.17:408][764]LogPlayLevel: PIE: Created PIE world by copying editor world from /Game/Maps/Menu.Menu to /Game/Maps/UEDPIE_0_Menu.Menu (0.001854s)
[2020.02.26-02.12.17:466][764]LogUObjectHash: Compacting FUObjectHashTables data took   3.54ms
[2020.02.26-02.12.17:467][764]LogAudioMixer: Display: Audio Mixer Platform Settings:
[2020.02.26-02.12.17:467][764]LogAudioMixer: Display: 	Sample Rate:						  48000
[2020.02.26-02.12.17:467][764]LogAudioMixer: Display: 	Callback Buffer Frame Size Requested: 1024
[2020.02.26-02.12.17:467][764]LogAudioMixer: Display: 	Callback Buffer Frame Size To Use:	  1024
[2020.02.26-02.12.17:467][764]LogAudioMixer: Display: 	Number of buffers to queue:			  2
[2020.02.26-02.12.17:467][764]LogAudioMixer: Display: 	Max Channels (voices):				  32
[2020.02.26-02.12.17:467][764]LogAudioMixer: Display: 	Number of Async Source Workers:		  0
[2020.02.26-02.12.17:467][764]LogAudio: Display: AudioDevice MaxSources: 32
[2020.02.26-02.12.17:467][764]LogAudio: Display: Using built-in audio occlusion.
[2020.02.26-02.12.17:467][764]LogAudioMixer: Display: Initializing audio mixer.
[2020.02.26-02.12.17:498][764]LogAudioMixer: Display: Audio Device Output Speaker Info:
[2020.02.26-02.12.17:498][764]LogAudioMixer: Display: Name: Headset Earphone (Corsair VOID PRO USB Gaming Headset )
[2020.02.26-02.12.17:498][764]LogAudioMixer: Display: Is Default: Yes
[2020.02.26-02.12.17:498][764]LogAudioMixer: Display: Sample Rate: 48000
[2020.02.26-02.12.17:498][764]LogAudioMixer: Display: Channel Count Used: 2
[2020.02.26-02.12.17:498][764]LogAudioMixer: Display: Device Channel Count: 2
[2020.02.26-02.12.17:498][764]LogAudioMixer: Display: Channel Order:
[2020.02.26-02.12.17:498][764]LogAudioMixer: Display: 0: FrontLeft
[2020.02.26-02.12.17:498][764]LogAudioMixer: Display: 1: FrontRight
[2020.02.26-02.12.17:509][764]LogAudioMixer: Display: Using Audio Device Headset Earphone (Corsair VOID PRO USB Gaming Headset )
[2020.02.26-02.12.17:511][764]LogInit: FAudioDevice initialized.
[2020.02.26-02.12.17:518][764]LogLoad: Game class is 'GameModeBase'
[2020.02.26-02.12.17:518][764]LogWorld: Bringing World /Game/Maps/UEDPIE_0_Menu.Menu up for play (max tick rate 0) at 2020.02.26-03.12.17
[2020.02.26-02.12.17:518][764]LogWorld: Bringing up level for play took: 0.000255
[2020.02.26-02.12.17:518][764]LogOnline: OSS: Creating online subsystem instance for: :Context_3
[2020.02.26-02.12.17:520][764]PIE: Play in editor start time for /Game/Maps/UEDPIE_0_Menu 0.977
[2020.02.26-02.12.17:521][764]LogBlueprintUserMessages: Late PlayInEditor Detection: Level '/Game/Maps/Menu.Menu:PersistentLevel' has LevelScriptBlueprint '/Game/Maps/Menu.Menu:PersistentLevel.Menu' with GeneratedClass '/Game/Maps/Menu.Menu_C' with ClassGeneratedBy '/Game/Maps/Menu.Menu:PersistentLevel.Menu'
[2020.02.26-02.12.28:941][777]LogAudioMixer: Display: No commands were queued while flushing the source manager.
[2020.02.26-02.12.28:941][777]LogAudioMixer: Display: No commands were queued while flushing the source manager.
[2020.02.26-02.12.28:941][777]LogBlueprintUserMessages: Early EndPlayMap Detection: Level '/Game/Maps/Menu.Menu:PersistentLevel' has LevelScriptBlueprint '/Game/Maps/Menu.Menu:PersistentLevel.Menu' with GeneratedClass '/Game/Maps/Menu.Menu_C' with ClassGeneratedBy '/Game/Maps/Menu.Menu:PersistentLevel.Menu'
[2020.02.26-02.12.28:941][777]LogSlate: Updating window title bar state: overlay mode, drag disabled, window buttons hidden, title bar hidden
[2020.02.26-02.12.28:941][777]LogWorld: BeginTearingDown for /Game/Maps/UEDPIE_0_Menu
[2020.02.26-02.12.28:941][777]LogAudioMixer: Display: No commands were queued while flushing the source manager.
[2020.02.26-02.12.28:941][777]LogWorld: UWorld::CleanupWorld for Menu, bSessionEnded=true, bCleanupResources=true
[2020.02.26-02.12.28:942][777]LogSlate: InvalidateAllWidgets triggered.  All widgets were invalidated
[2020.02.26-02.12.28:946][777]LogPlayLevel: Display: Shutting down PIE online subsystems
[2020.02.26-02.12.28:946][777]LogBlueprintUserMessages: Late EndPlayMap Detection: Level '/Game/Maps/Menu.Menu:PersistentLevel' has LevelScriptBlueprint '/Game/Maps/Menu.Menu:PersistentLevel.Menu' with GeneratedClass '/Game/Maps/Menu.Menu_C' with ClassGeneratedBy '/Game/Maps/Menu.Menu:PersistentLevel.Menu'
[2020.02.26-02.12.28:950][777]LogSlate: InvalidateAllWidgets triggered.  All widgets were invalidated
[2020.02.26-02.12.28:982][777]LogAudioMixer: Display: No commands were queued while flushing the source manager.
[2020.02.26-02.12.28:985][777]LogSlate: Updating window title bar state: overlay mode, drag disabled, window buttons hidden, title bar hidden
[2020.02.26-02.12.29:009][777]LogUObjectHash: Compacting FUObjectHashTables data took   2.94ms
[2020.02.26-02.12.29:043][781]LogPlayLevel: Display: Destroying online subsystem :Context_3
[2020.02.26-02.12.32:547][190]LogAssetEditorSubsystem: Opening Asset editor for WidgetBlueprint /Game/UI/Menu.Menu
[2020.02.26-02.12.42:635][410]LogSlate: Window 'Menu' being destroyed
[2020.02.26-02.12.42:640][410]LogSlate: Window 'Menu' being destroyed
[2020.02.26-02.12.42:642][410]LogWorld: UWorld::CleanupWorld for World_2, bSessionEnded=true, bCleanupResources=true
[2020.02.26-02.12.42:642][410]LogSlate: InvalidateAllWidgets triggered.  All widgets were invalidated
[2020.02.26-02.12.42:654][410]LogWorld: UWorld::CleanupWorld for World_1, bSessionEnded=true, bCleanupResources=true
[2020.02.26-02.12.42:654][410]LogSlate: InvalidateAllWidgets triggered.  All widgets were invalidated
[2020.02.26-02.12.45:895][786]LogAssetEditorSubsystem: Opening Asset editor for LevelScriptBlueprint /Game/Maps/Menu.Menu:PersistentLevel.Menu
[2020.02.26-02.13.43:626][412]LogSlate: Took 0.063044 seconds to synchronously load lazily loaded font '../../../Engine/Content/Slate/Fonts/Roboto-Italic.ttf' (157K)
[2020.02.26-02.13.49:141][ 43]BlueprintLog: New page: Compile Menu
[2020.02.26-02.13.49:174][ 43]LogBlueprint: Error: [Compiler PersistentLevel.Menu] This blueprint (self) is not a UserWidget, therefore ' Target ' must have a connection.
[2020.02.26-02.13.49:533][ 43]LogUObjectHash: Compacting FUObjectHashTables data took   4.34ms
[2020.02.26-02.13.50:024][ 95]Cmd: OBJ SAVEPACKAGE PACKAGE="/Game/Maps/Menu" FILE="C:/Users/ir/Documents/Developpement/Undisclosed Studios/Game/Renegades/Content/Maps/Menu.umap" SILENT=true AUTOSAVING=false KEEPDIRTY=false
[2020.02.26-02.13.50:090][ 95]LogUObjectHash: Compacting FUObjectHashTables data took   3.71ms
[2020.02.26-02.13.50:093][ 95]LogBlueprint: Error: [Compiler PersistentLevel.Menu] This blueprint (self) is not a UserWidget, therefore ' Target ' must have a connection.
[2020.02.26-02.13.50:411][ 95]LogSavePackage: Moving 'C:/Users/ir/Documents/Developpement/Undisclosed Studios/Game/Renegades/Saved/MenuD757F8E24A1845B7F22038B13F00894D.tmp' to 'C:/Users/ir/Documents/Developpement/Undisclosed Studios/Game/Renegades/Content/Maps/Menu.umap'
[2020.02.26-02.13.50:430][ 95]LogFileHelpers: Saving map 'Menu' took 0.406
[2020.02.26-02.13.50:447][ 95]AssetCheck: New page: Asset Save: Menu
[2020.02.26-02.13.50:447][ 95]LogContentValidation: Display: Validating World /Game/Maps/Menu.Menu
[2020.02.26-02.13.58:668][546]Cmd: OBJ SAVEPACKAGE PACKAGE="/Game/Maps/Menu" FILE="C:/Users/ir/Documents/Developpement/Undisclosed Studios/Game/Renegades/Content/Maps/Menu.umap" SILENT=true AUTOSAVING=false KEEPDIRTY=false
[2020.02.26-02.13.58:708][546]LogUObjectHash: Compacting FUObjectHashTables data took   2.61ms
[2020.02.26-02.13.58:711][546]LogBlueprint: Error: [Compiler PersistentLevel.Menu] This blueprint (self) is not a UserWidget, therefore ' Target ' must have a connection.
[2020.02.26-02.13.58:900][546]LogSavePackage: Moving 'C:/Users/ir/Documents/Developpement/Undisclosed Studios/Game/Renegades/Saved/Menu6F9F1B8C40B05A732A9C868B44277833.tmp' to 'C:/Users/ir/Documents/Developpement/Undisclosed Studios/Game/Renegades/Content/Maps/Menu.umap'
[2020.02.26-02.13.58:917][546]LogFileHelpers: Saving map 'Menu' took 0.249
[2020.02.26-02.13.58:932][546]AssetCheck: New page: Asset Save: Menu
[2020.02.26-02.13.58:933][546]LogContentValidation: Display: Validating World /Game/Maps/Menu.Menu
[2020.02.26-02.14.00:005][671]BlueprintLog: New page: Compile Menu
[2020.02.26-02.14.00:007][671]LogBlueprint: Error: [Compiler PersistentLevel.Menu] This blueprint (self) is not a UserWidget, therefore ' Target ' must have a connection.
[2020.02.26-02.14.00:226][671]LogUObjectHash: Compacting FUObjectHashTables data took   2.82ms
[2020.02.26-02.15.07:353][719]BlueprintLog: New page: Compile Menu
[2020.02.26-02.15.07:566][719]LogUObjectHash: Compacting FUObjectHashTables data took   2.97ms
[2020.02.26-02.15.07:590][719]Cmd: OBJ SAVEPACKAGE PACKAGE="/Game/Maps/Menu" FILE="C:/Users/ir/Documents/Developpement/Undisclosed Studios/Game/Renegades/Content/Maps/Menu.umap" SILENT=true AUTOSAVING=false KEEPDIRTY=false
[2020.02.26-02.15.07:627][719]LogUObjectHash: Compacting FUObjectHashTables data took   0.84ms
[2020.02.26-02.15.07:838][719]LogSavePackage: Moving 'C:/Users/ir/Documents/Developpement/Undisclosed Studios/Game/Renegades/Saved/Menu800C058E4E29DB39683D1AAC8E31DEEC.tmp' to 'C:/Users/ir/Documents/Developpement/Undisclosed Studios/Game/Renegades/Content/Maps/Menu.umap'
[2020.02.26-02.15.07:857][719]LogFileHelpers: Saving map 'Menu' took 0.268
[2020.02.26-02.15.07:873][719]AssetCheck: New page: Asset Save: Menu
[2020.02.26-02.15.07:873][719]LogContentValidation: Display: Validating World /Game/Maps/Menu.Menu
[2020.02.26-02.15.12:706][ 43]LogTemp: Repeating last play command: Selected Viewport
[2020.02.26-02.15.12:717][ 43]LogBlueprintUserMessages: Early PlayInEditor Detection: Level '/Game/Maps/Menu.Menu:PersistentLevel' has LevelScriptBlueprint '/Game/Maps/Menu.Menu:PersistentLevel.Menu' with GeneratedClass '/Game/Maps/Menu.Menu_C' with ClassGeneratedBy '/Game/Maps/Menu.Menu:PersistentLevel.Menu'
[2020.02.26-02.15.12:717][ 43]LogPlayLevel: PlayLevel: No blueprints needed recompiling
[2020.02.26-02.15.12:717][ 43]PIE: New page: PIE session: Menu (Feb 26, 2020, 4:15:12 AM)
[2020.02.26-02.15.12:717][ 43]LogPlayLevel: Creating play world package: /Game/Maps/UEDPIE_0_Menu
[2020.02.26-02.15.12:718][ 43]LogPlayLevel: PIE: StaticDuplicateObject took: (0.001039s)
[2020.02.26-02.15.12:719][ 43]LogAIModule: Creating AISystem for world Menu
[2020.02.26-02.15.12:719][ 43]LogPlayLevel: PIE: World Init took: (0.000866s)
[2020.02.26-02.15.12:719][ 43]LogPlayLevel: PIE: Created PIE world by copying editor world from /Game/Maps/Menu.Menu to /Game/Maps/UEDPIE_0_Menu.Menu (0.002000s)
[2020.02.26-02.15.12:755][ 43]LogUObjectHash: Compacting FUObjectHashTables data took   2.83ms
[2020.02.26-02.15.12:756][ 43]LogAudioMixer: Display: Audio Mixer Platform Settings:
[2020.02.26-02.15.12:756][ 43]LogAudioMixer: Display: 	Sample Rate:						  48000
[2020.02.26-02.15.12:756][ 43]LogAudioMixer: Display: 	Callback Buffer Frame Size Requested: 1024
[2020.02.26-02.15.12:756][ 43]LogAudioMixer: Display: 	Callback Buffer Frame Size To Use:	  1024
[2020.02.26-02.15.12:756][ 43]LogAudioMixer: Display: 	Number of buffers to queue:			  2
[2020.02.26-02.15.12:756][ 43]LogAudioMixer: Display: 	Max Channels (voices):				  32
[2020.02.26-02.15.12:756][ 43]LogAudioMixer: Display: 	Number of Async Source Workers:		  0
[2020.02.26-02.15.12:756][ 43]LogAudio: Display: AudioDevice MaxSources: 32
[2020.02.26-02.15.12:756][ 43]LogAudio: Display: Using built-in audio occlusion.
[2020.02.26-02.15.12:756][ 43]LogAudioMixer: Display: Initializing audio mixer.
[2020.02.26-02.15.12:787][ 43]LogAudioMixer: Display: Audio Device Output Speaker Info:
[2020.02.26-02.15.12:787][ 43]LogAudioMixer: Display: Name: Headset Earphone (Corsair VOID PRO USB Gaming Headset )
[2020.02.26-02.15.12:787][ 43]LogAudioMixer: Display: Is Default: Yes
[2020.02.26-02.15.12:787][ 43]LogAudioMixer: Display: Sample Rate: 48000
[2020.02.26-02.15.12:787][ 43]LogAudioMixer: Display: Channel Count Used: 2
[2020.02.26-02.15.12:787][ 43]LogAudioMixer: Display: Device Channel Count: 2
[2020.02.26-02.15.12:787][ 43]LogAudioMixer: Display: Channel Order:
[2020.02.26-02.15.12:787][ 43]LogAudioMixer: Display: 0: FrontLeft
[2020.02.26-02.15.12:787][ 43]LogAudioMixer: Display: 1: FrontRight
[2020.02.26-02.15.12:797][ 43]LogAudioMixer: Display: Using Audio Device Headset Earphone (Corsair VOID PRO USB Gaming Headset )
[2020.02.26-02.15.12:799][ 43]LogInit: FAudioDevice initialized.
[2020.02.26-02.15.12:809][ 43]LogLoad: Game class is 'GameModeBase'
[2020.02.26-02.15.12:809][ 43]LogWorld: Bringing World /Game/Maps/UEDPIE_0_Menu.Menu up for play (max tick rate 0) at 2020.02.26-03.15.12
[2020.02.26-02.15.12:810][ 43]LogWorld: Bringing up level for play took: 0.000252
[2020.02.26-02.15.12:810][ 43]LogOnline: OSS: Creating online subsystem instance for: :Context_7
[2020.02.26-02.15.12:846][ 43]PIE: Play in editor start time for /Game/Maps/UEDPIE_0_Menu 0.303
[2020.02.26-02.15.12:846][ 43]LogBlueprintUserMessages: Late PlayInEditor Detection: Level '/Game/Maps/Menu.Menu:PersistentLevel' has LevelScriptBlueprint '/Game/Maps/Menu.Menu:PersistentLevel.Menu' with GeneratedClass '/Game/Maps/Menu.Menu_C' with ClassGeneratedBy '/Game/Maps/Menu.Menu:PersistentLevel.Menu'
[2020.02.26-02.16.27:561][991]LogSlate: Window 'Menu' being destroyed
[2020.02.26-02.16.27:566][991]LogSlate: Window 'Menu' being destroyed
[2020.02.26-02.16.27:572][991]LogWorld: UWorld::CleanupWorld for World_3, bSessionEnded=true, bCleanupResources=true
[2020.02.26-02.16.27:572][991]LogSlate: InvalidateAllWidgets triggered.  All widgets were invalidated
[2020.02.26-03.41.54:368][689]Cmd: OBJ SAVEPACKAGE PACKAGE="/Game/Maps/Menu" FILE="C:/Users/ir/Documents/Developpement/Undisclosed Studios/Game/Renegades/Content/Maps/Menu.umap" SILENT=true AUTOSAVING=false KEEPDIRTY=false
[2020.02.26-03.41.54:464][689]LogUObjectHash: Compacting FUObjectHashTables data took  51.22ms
[2020.02.26-03.41.55:001][689]LogSavePackage: Moving 'C:/Users/ir/Documents/Developpement/Undisclosed Studios/Game/Renegades/Saved/MenuE9E9ABE14BBFDAB24032D6AA6FF8ECA9.tmp' to 'C:/Users/ir/Documents/Developpement/Undisclosed Studios/Game/Renegades/Content/Maps/Menu.umap'
[2020.02.26-03.41.55:051][689]AssetCheck: New page: Asset Save: Menu
[2020.02.26-03.41.55:052][689]LogContentValidation: Display: Validating World /Game/Maps/Menu.Menu
[2020.02.26-03.41.58:921][129]LogWindows: Warning: CreateProc failed: The system cannot find the file specified. (0x00000002)
[2020.02.26-03.41.58:921][129]LogWindows: Warning: URL: C:/Program Files/Git/bin/git.exe version
[2020.02.26-03.41.58:921][129]LogWindows: Warning: CreateProc failed: The system cannot find the file specified. (0x00000002)
[2020.02.26-03.41.58:921][129]LogWindows: Warning: URL: C:/Program Files (x86)/Git/bin/git.exe version
[2020.02.26-03.41.58:921][129]LogWindows: Warning: CreateProc failed: The system cannot find the file specified. (0x00000002)
[2020.02.26-03.41.58:921][129]LogWindows: Warning: URL: C:\Users\ir\AppData\Local/Programs/Git/cmd/git.exe version
[2020.02.26-03.41.58:921][129]LogWindows: Warning: CreateProc failed: The system cannot find the file specified. (0x00000002)
[2020.02.26-03.41.58:921][129]LogWindows: Warning: URL: C:/Program Files (x86)/SmartGit/git/bin/git.exe version
[2020.02.26-03.41.58:921][129]LogWindows: Warning: CreateProc failed: The system cannot find the file specified. (0x00000002)
[2020.02.26-03.41.58:922][129]LogWindows: Warning: URL: C:/Program Files (x86)/SmartGit/bin/git.exe version
[2020.02.26-03.41.58:922][129]LogWindows: Warning: CreateProc failed: The system cannot find the file specified. (0x00000002)
[2020.02.26-03.41.58:922][129]LogWindows: Warning: URL: C:\Users\ir\AppData\Local/Atlassian/SourceTree/git_local/bin/git.exe version
[2020.02.26-03.41.58:927][129]LogWindows: Warning: CreateProc failed: The system cannot find the file specified. (0x00000002)
[2020.02.26-03.41.58:927][129]LogWindows: Warning: URL: C:/Program Files (x86)/fournova/Tower/vendor/Git/bin/git.exe version
[2020.02.26-03.42.23:410][411]LogWindows: Warning: CreateProc failed: Access is denied. (0x00000005)
[2020.02.26-03.42.23:410][411]LogWindows: Warning: URL: E:/EpicGames/UE_4.24/Engine/Binaries/Win64/ version
[2020.02.26-03.42.34:450][639]LogSourceControl: Warning: 'C:/Users/ir/Documents/Developpement/Undisclosed Studios/Game/Renegades/' is not part of a Git repository
[2020.02.26-03.43.50:098][376]SourceControl: Error: fatal: not a git repository (or any of the parent directories): .git
[2020.02.26-03.43.50:098][376]SourceControl: Error: fatal: not a git repository (or any of the parent directories): .git
[2020.02.26-03.43.50:098][376]SourceControl: Error: Failed to enable Git source control. You need to initialize the project as a Git repository first.
